{"content": {"suites": {"0": {"status": {"total_pass": 1, "total_skip": 0, "total_xpass": 0, "total_xfail": 0, "total_rerun": 0, "total_fail": 4, "total_error": 0}, "tests": {"0": {"status": "PASS", "message": "", "test_name": "test_open_new_account", "rerun": "0"}, "1": {"status": "FAIL", "message": "   selenium.common.exceptions.NoSuchElementException: Message: no such element: Unable to locate element: {\"method\":\"css selector\",\"selector\":\"[name=\"username\"]\"}\n     (Session info: chrome=128.0.6613.86); For documentation on this error, please visit: https://www.selenium.dev/documentation/webdriver/troubleshooting/errors#no-such-element-exception\n   Stacktrace:\n   \tGetHandleVerifier [0x00007FF6E85DB632+29090]\n   \t(No symbol) [0x00007FF6E854E6E9]\n   \t(No symbol) [0x00007FF6E840B1CA]\n   \t(No symbol) [0x00007FF6E845EFD7]\n   \t(No symbol) [0x00007FF6E845F22C]\n   \t(No symbol) [0x00007FF6E84A97F7]\n   \t(No symbol) [0x00007FF6E848672F]\n   \t(No symbol) [0x00007FF6E84A65D9]\n   \t(No symbol) [0x00007FF6E8486493]\n   \t(No symbol) [0x00007FF6E84509B1]\n   \t(No symbol) [0x00007FF6E8451B11]\n   \tGetHandleVerifier [0x00007FF6E88F883D+3294125]\n   \tGetHandleVerifier [0x00007FF6E8944423+3604371]\n   \tGetHandleVerifier [0x00007FF6E893A2E7+3563095]\n   \tGetHandleVerifier [0x00007FF6E8696F16+797318]\n   \t(No symbol) [0x00007FF6E855986F]\n   \t(No symbol) [0x00007FF6E8555454]\n   \t(No symbol) [0x00007FF6E85555E0]\n   \t(No symbol) [0x00007FF6E8544A7F]\n   \tBaseThreadInitThunk [0x00007FFA6AE87374+20]\n   \tRtlUserThreadStart [0x00007FFA6B6FCC91+33]\n", "test_name": "test_bill_pay", "rerun": "0"}, "2": {"status": "FAIL", "message": "   selenium.common.exceptions.NoSuchElementException: Message: no such element: Unable to locate element: {\"method\":\"css selector\",\"selector\":\"[name=\"username\"]\"}\n     (Session info: chrome=128.0.6613.86); For documentation on this error, please visit: https://www.selenium.dev/documentation/webdriver/troubleshooting/errors#no-such-element-exception\n   Stacktrace:\n   \tGetHandleVerifier [0x00007FF6E85DB632+29090]\n   \t(No symbol) [0x00007FF6E854E6E9]\n   \t(No symbol) [0x00007FF6E840B1CA]\n   \t(No symbol) [0x00007FF6E845EFD7]\n   \t(No symbol) [0x00007FF6E845F22C]\n   \t(No symbol) [0x00007FF6E84A97F7]\n   \t(No symbol) [0x00007FF6E848672F]\n   \t(No symbol) [0x00007FF6E84A65D9]\n   \t(No symbol) [0x00007FF6E8486493]\n   \t(No symbol) [0x00007FF6E84509B1]\n   \t(No symbol) [0x00007FF6E8451B11]\n   \tGetHandleVerifier [0x00007FF6E88F883D+3294125]\n   \tGetHandleVerifier [0x00007FF6E8944423+3604371]\n   \tGetHandleVerifier [0x00007FF6E893A2E7+3563095]\n   \tGetHandleVerifier [0x00007FF6E8696F16+797318]\n   \t(No symbol) [0x00007FF6E855986F]\n   \t(No symbol) [0x00007FF6E8555454]\n   \t(No symbol) [0x00007FF6E85555E0]\n   \t(No symbol) [0x00007FF6E8544A7F]\n   \tBaseThreadInitThunk [0x00007FFA6AE87374+20]\n   \tRtlUserThreadStart [0x00007FFA6B6FCC91+33]\n", "test_name": "test_find_transactions", "rerun": "0"}, "3": {"status": "FAIL", "message": "   selenium.common.exceptions.NoSuchElementException: Message: no such element: Unable to locate element: {\"method\":\"css selector\",\"selector\":\"[name=\"username\"]\"}\n     (Session info: chrome=128.0.6613.86); For documentation on this error, please visit: https://www.selenium.dev/documentation/webdriver/troubleshooting/errors#no-such-element-exception\n   Stacktrace:\n   \tGetHandleVerifier [0x00007FF6E85DB632+29090]\n   \t(No symbol) [0x00007FF6E854E6E9]\n   \t(No symbol) [0x00007FF6E840B1CA]\n   \t(No symbol) [0x00007FF6E845EFD7]\n   \t(No symbol) [0x00007FF6E845F22C]\n   \t(No symbol) [0x00007FF6E84A97F7]\n   \t(No symbol) [0x00007FF6E848672F]\n   \t(No symbol) [0x00007FF6E84A65D9]\n   \t(No symbol) [0x00007FF6E8486493]\n   \t(No symbol) [0x00007FF6E84509B1]\n   \t(No symbol) [0x00007FF6E8451B11]\n   \tGetHandleVerifier [0x00007FF6E88F883D+3294125]\n   \tGetHandleVerifier [0x00007FF6E8944423+3604371]\n   \tGetHandleVerifier [0x00007FF6E893A2E7+3563095]\n   \tGetHandleVerifier [0x00007FF6E8696F16+797318]\n   \t(No symbol) [0x00007FF6E855986F]\n   \t(No symbol) [0x00007FF6E8555454]\n   \t(No symbol) [0x00007FF6E85555E0]\n   \t(No symbol) [0x00007FF6E8544A7F]\n   \tBaseThreadInitThunk [0x00007FFA6AE87374+20]\n   \tRtlUserThreadStart [0x00007FFA6B6FCC91+33]\n", "test_name": "test_update_contact_info", "rerun": "0"}, "4": {"status": "FAIL", "message": "   selenium.common.exceptions.NoSuchElementException: Message: no such element: Unable to locate element: {\"method\":\"css selector\",\"selector\":\"[name=\"username\"]\"}\n     (Session info: chrome=128.0.6613.86); For documentation on this error, please visit: https://www.selenium.dev/documentation/webdriver/troubleshooting/errors#no-such-element-exception\n   Stacktrace:\n   \tGetHandleVerifier [0x00007FF6E85DB632+29090]\n   \t(No symbol) [0x00007FF6E854E6E9]\n   \t(No symbol) [0x00007FF6E840B1CA]\n   \t(No symbol) [0x00007FF6E845EFD7]\n   \t(No symbol) [0x00007FF6E845F22C]\n   \t(No symbol) [0x00007FF6E84A97F7]\n   \t(No symbol) [0x00007FF6E848672F]\n   \t(No symbol) [0x00007FF6E84A65D9]\n   \t(No symbol) [0x00007FF6E8486493]\n   \t(No symbol) [0x00007FF6E84509B1]\n   \t(No symbol) [0x00007FF6E8451B11]\n   \tGetHandleVerifier [0x00007FF6E88F883D+3294125]\n   \tGetHandleVerifier [0x00007FF6E8944423+3604371]\n   \tGetHandleVerifier [0x00007FF6E893A2E7+3563095]\n   \tGetHandleVerifier [0x00007FF6E8696F16+797318]\n   \t(No symbol) [0x00007FF6E855986F]\n   \t(No symbol) [0x00007FF6E8555454]\n   \t(No symbol) [0x00007FF6E85555E0]\n   \t(No symbol) [0x00007FF6E8544A7F]\n   \tBaseThreadInitThunk [0x00007FFA6AE87374+20]\n   \tRtlUserThreadStart [0x00007FFA6B6FCC91+33]\n", "test_name": "test_request_loan", "rerun": "0"}}, "suite_name": "test_pract.py"}}}, "date": "September 02, 2024", "start_time": 1725264923.4295142, "total_suite": 1, "status": "FAIL", "status_list": {"pass": "1", "fail": "4", "skip": "0", "error": "0", "xpass": "0", "xfail": "0", "rerun": "0"}, "total_tests": "5"}