{"content": {"suites": {"0": {"status": {"total_pass": 5, "total_skip": 0, "total_xpass": 0, "total_xfail": 0, "total_rerun": 0, "total_fail": 2, "total_error": 2}, "tests": {"0": {"status": "PASS", "message": "", "test_name": "test_registration[Joh-Do-123 Elm S-Some Cit-CAh-90001-555-555-5555-123-45-6789-john@#$2024-09-13 18:50:53.317553-demo-demo]", "rerun": "0"}, "1": {"status": "PASS", "message": "", "test_name": "test_registration[Joh-De-123 Elm St-Some City-CA-90001-555-555-5555-123-45-6789-invalid_user-short-long]", "rerun": "0"}, "2": {"status": "PASS", "message": "", "test_name": "test_login[john-demo-Welcome]", "rerun": "0"}, "3": {"status": "FAIL", "message": "   selenium.common.exceptions.TimeoutException: Message: \n   Stacktrace:\n   \tGetHandleVerifier [0x00007FF676CE9412+29090]\n   \t(No symbol) [0x00007FF676C5E239]\n   \t(No symbol) [0x00007FF676B1B1DA]\n   \t(No symbol) [0x00007FF676B6EFE7]\n   \t(No symbol) [0x00007FF676B6F23C]\n   \t(No symbol) [0x00007FF676BB97C7]\n   \t(No symbol) [0x00007FF676B9672F]\n   \t(No symbol) [0x00007FF676BB65A2]\n   \t(No symbol) [0x00007FF676B96493]\n   \t(No symbol) [0x00007FF676B609D1]\n   \t(No symbol) [0x00007FF676B61B31]\n   \tGetHandleVerifier [0x00007FF67700871D+3302573]\n   \tGetHandleVerifier [0x00007FF677054243+3612627]\n   \tGetHandleVerifier [0x00007FF67704A417+3572135]\n   \tGetHandleVerifier [0x00007FF676DA5EB6+801862]\n   \t(No symbol) [0x00007FF676C6945F]\n   \t(No symbol) [0x00007FF676C64FB4]\n   \t(No symbol) [0x00007FF676C65140]\n   \t(No symbol) [0x00007FF676C5461F]\n   \tBaseThreadInitThunk [0x00007FFA6AE87374+20]\n   \tRtlUserThreadStart [0x00007FFA6B6FCC91+33]\n", "test_name": "test_invalid_login[invalid_user-invalid_pass-Error!]", "rerun": "0"}, "4": {"status": "ERROR", "message": "file E:\\Python_Selenium\\project branch\\pytest_project_folder\\testing_parabank_with_pytest\\test\\test_feature.py, line 52\n  @pytest.mark.parametrize(\"from_account, to_account, amount,\", TRANSFER_DATA)\n  def test_transfer_funds(logged_in_driver, from_account, to_account, amount, is_success):\nE       fixture 'is_success' not found\n>       available fixtures: cache, capfd, capfdbinary, caplog, capsys, capsysbinary, doctest_namespace, extra, extras, get_driver, include_metadata_in_junit_xml, logged_in_driver, metadata, monkeypatch, pytestconfig, record_property, record_testsuite_property, record_xml_attribute, recwarn, testrun_uid, tmp_path, tmp_path_factory, tmpdir, tmpdir_factory, worker_id\n>       use 'pytest --fixtures [testpath]' for help on them.\n\nE:\\Python_Selenium\\project branch\\pytest_project_folder\\testing_parabank_with_pytest\\test\\test_feature.py:52\n", "test_name": "test_transfer_funds[12345-54321-100]", "rerun": "0"}, "5": {"status": "ERROR", "message": "file E:\\Python_Selenium\\project branch\\pytest_project_folder\\testing_parabank_with_pytest\\test\\test_feature.py, line 52\n  @pytest.mark.parametrize(\"from_account, to_account, amount,\", TRANSFER_DATA)\n  def test_transfer_funds(logged_in_driver, from_account, to_account, amount, is_success):\nE       fixture 'is_success' not found\n>       available fixtures: cache, capfd, capfdbinary, caplog, capsys, capsysbinary, doctest_namespace, extra, extras, get_driver, include_metadata_in_junit_xml, logged_in_driver, metadata, monkeypatch, pytestconfig, record_property, record_testsuite_property, record_xml_attribute, recwarn, testrun_uid, tmp_path, tmp_path_factory, tmpdir, tmpdir_factory, worker_id\n>       use 'pytest --fixtures [testpath]' for help on them.\n\nE:\\Python_Selenium\\project branch\\pytest_project_folder\\testing_parabank_with_pytest\\test\\test_feature.py:52\n", "test_name": "test_transfer_funds[12345-54321-#$%]", "rerun": "0"}, "6": {"status": "PASS", "message": "", "test_name": "test_pay_bill[KIRAN-HGJF-JFJG-HGH-567857-1234567890-jrdhgs-123456gg-1000]", "rerun": "0"}, "7": {"status": "PASS", "message": "", "test_name": "test_pay_bill[KIRAN-HGJF-JFJG-HGH-567857-1234567890-1234567890-1234567890-1000]", "rerun": "0"}, "8": {"status": "FAIL", "message": "   selenium.common.exceptions.TimeoutException: Message: \n   Stacktrace:\n   \tGetHandleVerifier [0x00007FF676CE9412+29090]\n   \t(No symbol) [0x00007FF676C5E239]\n   \t(No symbol) [0x00007FF676B1B1DA]\n   \t(No symbol) [0x00007FF676B6EFE7]\n   \t(No symbol) [0x00007FF676B6F23C]\n   \t(No symbol) [0x00007FF676BB97C7]\n   \t(No symbol) [0x00007FF676B9672F]\n   \t(No symbol) [0x00007FF676BB65A2]\n   \t(No symbol) [0x00007FF676B96493]\n   \t(No symbol) [0x00007FF676B609D1]\n   \t(No symbol) [0x00007FF676B61B31]\n   \tGetHandleVerifier [0x00007FF67700871D+3302573]\n   \tGetHandleVerifier [0x00007FF677054243+3612627]\n   \tGetHandleVerifier [0x00007FF67704A417+3572135]\n   \tGetHandleVerifier [0x00007FF676DA5EB6+801862]\n   \t(No symbol) [0x00007FF676C6945F]\n   \t(No symbol) [0x00007FF676C64FB4]\n   \t(No symbol) [0x00007FF676C65140]\n   \t(No symbol) [0x00007FF676C5461F]\n   \tBaseThreadInitThunk [0x00007FFA6AE87374+20]\n   \tRtlUserThreadStart [0x00007FFA6B6FCC91+33]\n", "test_name": "test_logout", "rerun": "0"}}, "suite_name": "test/test_feature.py"}}}, "date": "September 13, 2024", "start_time": 1726233856.585778, "total_suite": 1, "status": "FAIL", "status_list": {"pass": "5", "fail": "2", "skip": "0", "error": "2", "xpass": "0", "xfail": "0", "rerun": "0"}, "total_tests": "9"}