{"content": {"suites": {"0": {"status": {"total_pass": 0, "total_skip": 0, "total_xpass": 0, "total_xfail": 0, "total_rerun": 0, "total_fail": 2, "total_error": 0}, "tests": {"0": {"status": "FAIL", "message": "       AssertionError: assert 'Welcome' in 'Signing up is easy!'\n        +  where 'Signing up is easy!' = <bound method RegistrationPage.get_success_message of <module.page_module_class.RegistrationPage object at 0x000001A9CE81C170>>()\n        +    where <bound method RegistrationPage.get_success_message of <module.page_module_class.RegistrationPage object at 0x000001A9CE81C170>> = <module.page_module_class.RegistrationPage object at 0x000001A9CE81C170>.get_success_message\n", "test_name": "test_registration[Joh-Do-123 Elm S-Some Cit-CAh-90001-555-555-5555-123-45-6789-john-demo-True]", "rerun": "0"}, "1": {"status": "FAIL", "message": "   selenium.common.exceptions.TimeoutException: Message: \n   Stacktrace:\n   \tGetHandleVerifier [0x00007FF77655B5D2+29090]\n   \t(No symbol) [0x00007FF7764CE689]\n   \t(No symbol) [0x00007FF77638B1CA]\n   \t(No symbol) [0x00007FF7763DEFD7]\n   \t(No symbol) [0x00007FF7763DF22C]\n   \t(No symbol) [0x00007FF7764297F7]\n   \t(No symbol) [0x00007FF77640672F]\n   \t(No symbol) [0x00007FF7764265D9]\n   \t(No symbol) [0x00007FF776406493]\n   \t(No symbol) [0x00007FF7763D09B1]\n   \t(No symbol) [0x00007FF7763D1B11]\n   \tGetHandleVerifier [0x00007FF776878C5D+3295277]\n   \tGetHandleVerifier [0x00007FF7768C4843+3605523]\n   \tGetHandleVerifier [0x00007FF7768BA707+3564247]\n   \tGetHandleVerifier [0x00007FF776616EB6+797318]\n   \t(No symbol) [0x00007FF7764D980F]\n   \t(No symbol) [0x00007FF7764D53F4]\n   \t(No symbol) [0x00007FF7764D5580]\n   \t(No symbol) [0x00007FF7764C4A1F]\n   \tBaseThreadInitThunk [0x00007FFA6AE87374+20]\n   \tRtlUserThreadStart [0x00007FFA6B6FCC91+33]\n", "test_name": "test_registration[Joh-De-123 Elm St-Some City-CA-90001-555-555-5555-123-45-6789-invalid_user-short-False]", "rerun": "0"}}, "suite_name": "test/test_feature.py"}}}, "date": "September 09, 2024", "start_time": 1725876514.2646773, "total_suite": 1, "status": "FAIL", "status_list": {"pass": "0", "fail": "2", "skip": "0", "error": "0", "xpass": "0", "xfail": "0", "rerun": "0"}, "total_tests": "2"}