{"content": {"suites": {"0": {"status": {"total_pass": 4, "total_skip": 0, "total_xpass": 0, "total_xfail": 0, "total_rerun": 0, "total_fail": 5, "total_error": 0}, "tests": {"0": {"status": "PASS", "message": "", "test_name": "test_registration[Joh-Do-123 Elm S-Some Cit-CAh-90001-555-555-5555-123-45-6789-john@#$2024-09-14 17:13:19.157542-demo-demo]", "rerun": "0"}, "1": {"status": "PASS", "message": "", "test_name": "test_registration[Joh-De-123 Elm St-Some City-CA-90001-555-555-5555-123-45-6789-invalid_user-short-long]", "rerun": "0"}, "2": {"status": "PASS", "message": "", "test_name": "test_login[john-demo-Welcome]", "rerun": "0"}, "3": {"status": "PASS", "message": "", "test_name": "test_invalid_login[invalid_user-invalid_pass-Error!]", "rerun": "0"}, "4": {"status": "FAIL", "message": "       selenium.common.exceptions.NoSuchElementException: Message: Cannot locate option with value: 12345; For documentation on this error, please visit: https://www.selenium.dev/documentation/webdriver/troubleshooting/errors#no-such-element-exception\n", "test_name": "test_transfer_funds[12345-54321-100]", "rerun": "0"}, "5": {"status": "FAIL", "message": "   selenium.common.exceptions.TimeoutException: Message: \n   Stacktrace:\n   \tGetHandleVerifier [0x00007FF719069412+29090]\n   \t(No symbol) [0x00007FF718FDE239]\n   \t(No symbol) [0x00007FF718E9B1DA]\n   \t(No symbol) [0x00007FF718EEEFE7]\n   \t(No symbol) [0x00007FF718EEF23C]\n   \t(No symbol) [0x00007FF718F397C7]\n   \t(No symbol) [0x00007FF718F1672F]\n   \t(No symbol) [0x00007FF718F365A2]\n   \t(No symbol) [0x00007FF718F16493]\n   \t(No symbol) [0x00007FF718EE09D1]\n   \t(No symbol) [0x00007FF718EE1B31]\n   \tGetHandleVerifier [0x00007FF71938871D+3302573]\n   \tGetHandleVerifier [0x00007FF7193D4243+3612627]\n   \tGetHandleVerifier [0x00007FF7193CA417+3572135]\n   \tGetHandleVerifier [0x00007FF719125EB6+801862]\n   \t(No symbol) [0x00007FF718FE945F]\n   \t(No symbol) [0x00007FF718FE4FB4]\n   \t(No symbol) [0x00007FF718FE5140]\n   \t(No symbol) [0x00007FF718FD461F]\n   \tBaseThreadInitThunk [0x00007FFA6AE87374+20]\n   \tRtlUserThreadStart [0x00007FFA6B6FCC91+33]\n", "test_name": "test_transfer_funds[12345-54321-500]", "rerun": "0"}, "6": {"status": "FAIL", "message": "   selenium.common.exceptions.TimeoutException: Message: \n   Stacktrace:\n   \tGetHandleVerifier [0x00007FF719069412+29090]\n   \t(No symbol) [0x00007FF718FDE239]\n   \t(No symbol) [0x00007FF718E9B1DA]\n   \t(No symbol) [0x00007FF718EEEFE7]\n   \t(No symbol) [0x00007FF718EEF23C]\n   \t(No symbol) [0x00007FF718F397C7]\n   \t(No symbol) [0x00007FF718F1672F]\n   \t(No symbol) [0x00007FF718F365A2]\n   \t(No symbol) [0x00007FF718F16493]\n   \t(No symbol) [0x00007FF718EE09D1]\n   \t(No symbol) [0x00007FF718EE1B31]\n   \tGetHandleVerifier [0x00007FF71938871D+3302573]\n   \tGetHandleVerifier [0x00007FF7193D4243+3612627]\n   \tGetHandleVerifier [0x00007FF7193CA417+3572135]\n   \tGetHandleVerifier [0x00007FF719125EB6+801862]\n   \t(No symbol) [0x00007FF718FE945F]\n   \t(No symbol) [0x00007FF718FE4FB4]\n   \t(No symbol) [0x00007FF718FE5140]\n   \t(No symbol) [0x00007FF718FD461F]\n   \tBaseThreadInitThunk [0x00007FFA6AE87374+20]\n   \tRtlUserThreadStart [0x00007FFA6B6FCC91+33]\n", "test_name": "test_pay_bill[KIRAN-HGJF-JFJG-HGH-567857-1234567890-jrdhgs-123456gg-1000]", "rerun": "0"}, "7": {"status": "FAIL", "message": "   selenium.common.exceptions.TimeoutException: Message: \n   Stacktrace:\n   \tGetHandleVerifier [0x00007FF719069412+29090]\n   \t(No symbol) [0x00007FF718FDE239]\n   \t(No symbol) [0x00007FF718E9B1DA]\n   \t(No symbol) [0x00007FF718EEEFE7]\n   \t(No symbol) [0x00007FF718EEF23C]\n   \t(No symbol) [0x00007FF718F397C7]\n   \t(No symbol) [0x00007FF718F1672F]\n   \t(No symbol) [0x00007FF718F365A2]\n   \t(No symbol) [0x00007FF718F16493]\n   \t(No symbol) [0x00007FF718EE09D1]\n   \t(No symbol) [0x00007FF718EE1B31]\n   \tGetHandleVerifier [0x00007FF71938871D+3302573]\n   \tGetHandleVerifier [0x00007FF7193D4243+3612627]\n   \tGetHandleVerifier [0x00007FF7193CA417+3572135]\n   \tGetHandleVerifier [0x00007FF719125EB6+801862]\n   \t(No symbol) [0x00007FF718FE945F]\n   \t(No symbol) [0x00007FF718FE4FB4]\n   \t(No symbol) [0x00007FF718FE5140]\n   \t(No symbol) [0x00007FF718FD461F]\n   \tBaseThreadInitThunk [0x00007FFA6AE87374+20]\n   \tRtlUserThreadStart [0x00007FFA6B6FCC91+33]\n", "test_name": "test_pay_bill[KIRAN-HGJF-JFJG-HGH-567857-1234567890-1234567890-1234567890-1000]", "rerun": "0"}, "8": {"status": "FAIL", "message": "   selenium.common.exceptions.TimeoutException: Message: \n   Stacktrace:\n   \tGetHandleVerifier [0x00007FF719069412+29090]\n   \t(No symbol) [0x00007FF718FDE239]\n   \t(No symbol) [0x00007FF718E9B1DA]\n   \t(No symbol) [0x00007FF718EEEFE7]\n   \t(No symbol) [0x00007FF718EEF23C]\n   \t(No symbol) [0x00007FF718F397C7]\n   \t(No symbol) [0x00007FF718F1672F]\n   \t(No symbol) [0x00007FF718F365A2]\n   \t(No symbol) [0x00007FF718F16493]\n   \t(No symbol) [0x00007FF718EE09D1]\n   \t(No symbol) [0x00007FF718EE1B31]\n   \tGetHandleVerifier [0x00007FF71938871D+3302573]\n   \tGetHandleVerifier [0x00007FF7193D4243+3612627]\n   \tGetHandleVerifier [0x00007FF7193CA417+3572135]\n   \tGetHandleVerifier [0x00007FF719125EB6+801862]\n   \t(No symbol) [0x00007FF718FE945F]\n   \t(No symbol) [0x00007FF718FE4FB4]\n   \t(No symbol) [0x00007FF718FE5140]\n   \t(No symbol) [0x00007FF718FD461F]\n   \tBaseThreadInitThunk [0x00007FFA6AE87374+20]\n   \tRtlUserThreadStart [0x00007FFA6B6FCC91+33]\n", "test_name": "test_logout", "rerun": "0"}}, "suite_name": "test/test_feature.py"}}}, "date": "September 14, 2024", "start_time": 1726314444.2874994, "total_suite": 1, "status": "FAIL", "status_list": {"pass": "4", "fail": "5", "skip": "0", "error": "0", "xpass": "0", "xfail": "0", "rerun": "0"}, "total_tests": "9"}