{"content": {"suites": {"0": {"status": {"total_pass": 4, "total_skip": 0, "total_xpass": 0, "total_xfail": 0, "total_rerun": 0, "total_fail": 5, "total_error": 0}, "tests": {"0": {"status": "PASS", "message": "", "test_name": "test_registration[Joh-Do-123 Elm S-Some Cit-CAh-90001-555-555-5555-123-45-6789-john@#$2024-09-10 11:44:55.588385-demo-demo]", "rerun": "0"}, "1": {"status": "PASS", "message": "", "test_name": "test_registration[Joh-De-123 Elm St-Some City-CA-90001-555-555-5555-123-45-6789-invalid_user-short-long]", "rerun": "0"}, "2": {"status": "PASS", "message": "", "test_name": "test_login[john-demo-Welcome]", "rerun": "0"}, "3": {"status": "PASS", "message": "", "test_name": "test_invalid_login[invalid_user-invalid_pass-Error!]", "rerun": "0"}, "4": {"status": "FAIL", "message": "       AttributeError: 'NoneType' object has no attribute 'find_element'\n", "test_name": "test_transfer_funds[12345-54321-100-True]", "rerun": "0"}, "5": {"status": "FAIL", "message": "       AttributeError: 'NoneType' object has no attribute 'find_element'\n", "test_name": "test_transfer_funds[12345-54321-#$%-False]", "rerun": "0"}, "6": {"status": "FAIL", "message": "   selenium.common.exceptions.TimeoutException: Message: \n   Stacktrace:\n   \tGetHandleVerifier [0x00007FF6229AB5D2+29090]\n   \t(No symbol) [0x00007FF62291E689]\n   \t(No symbol) [0x00007FF6227DB1CA]\n   \t(No symbol) [0x00007FF62282EFD7]\n   \t(No symbol) [0x00007FF62282F22C]\n   \t(No symbol) [0x00007FF6228797F7]\n   \t(No symbol) [0x00007FF62285672F]\n   \t(No symbol) [0x00007FF6228765D9]\n   \t(No symbol) [0x00007FF622856493]\n   \t(No symbol) [0x00007FF6228209B1]\n   \t(No symbol) [0x00007FF622821B11]\n   \tGetHandleVerifier [0x00007FF622CC8C5D+3295277]\n   \tGetHandleVerifier [0x00007FF622D14843+3605523]\n   \tGetHandleVerifier [0x00007FF622D0A707+3564247]\n   \tGetHandleVerifier [0x00007FF622A66EB6+797318]\n   \t(No symbol) [0x00007FF62292980F]\n   \t(No symbol) [0x00007FF6229253F4]\n   \t(No symbol) [0x00007FF622925580]\n   \t(No symbol) [0x00007FF622914A1F]\n   \tBaseThreadInitThunk [0x00007FFA6AE87374+20]\n   \tRtlUserThreadStart [0x00007FFA6B6FCC91+33]\n", "test_name": "test_pay_bill[Some Payee-100-True]", "rerun": "0"}, "7": {"status": "FAIL", "message": "   selenium.common.exceptions.TimeoutException: Message: \n   Stacktrace:\n   \tGetHandleVerifier [0x00007FF6229AB5D2+29090]\n   \t(No symbol) [0x00007FF62291E689]\n   \t(No symbol) [0x00007FF6227DB1CA]\n   \t(No symbol) [0x00007FF62282EFD7]\n   \t(No symbol) [0x00007FF62282F22C]\n   \t(No symbol) [0x00007FF6228797F7]\n   \t(No symbol) [0x00007FF62285672F]\n   \t(No symbol) [0x00007FF6228765D9]\n   \t(No symbol) [0x00007FF622856493]\n   \t(No symbol) [0x00007FF6228209B1]\n   \t(No symbol) [0x00007FF622821B11]\n   \tGetHandleVerifier [0x00007FF622CC8C5D+3295277]\n   \tGetHandleVerifier [0x00007FF622D14843+3605523]\n   \tGetHandleVerifier [0x00007FF622D0A707+3564247]\n   \tGetHandleVerifier [0x00007FF622A66EB6+797318]\n   \t(No symbol) [0x00007FF62292980F]\n   \t(No symbol) [0x00007FF6229253F4]\n   \t(No symbol) [0x00007FF622925580]\n   \t(No symbol) [0x00007FF622914A1F]\n   \tBaseThreadInitThunk [0x00007FFA6AE87374+20]\n   \tRtlUserThreadStart [0x00007FFA6B6FCC91+33]\n", "test_name": "test_pay_bill[Invalid Payee-0-False]", "rerun": "0"}, "8": {"status": "FAIL", "message": "   selenium.common.exceptions.TimeoutException: Message: \n   Stacktrace:\n   \tGetHandleVerifier [0x00007FF6229AB5D2+29090]\n   \t(No symbol) [0x00007FF62291E689]\n   \t(No symbol) [0x00007FF6227DB1CA]\n   \t(No symbol) [0x00007FF62282EFD7]\n   \t(No symbol) [0x00007FF62282F22C]\n   \t(No symbol) [0x00007FF6228797F7]\n   \t(No symbol) [0x00007FF62285672F]\n   \t(No symbol) [0x00007FF6228765D9]\n   \t(No symbol) [0x00007FF622856493]\n   \t(No symbol) [0x00007FF6228209B1]\n   \t(No symbol) [0x00007FF622821B11]\n   \tGetHandleVerifier [0x00007FF622CC8C5D+3295277]\n   \tGetHandleVerifier [0x00007FF622D14843+3605523]\n   \tGetHandleVerifier [0x00007FF622D0A707+3564247]\n   \tGetHandleVerifier [0x00007FF622A66EB6+797318]\n   \t(No symbol) [0x00007FF62292980F]\n   \t(No symbol) [0x00007FF6229253F4]\n   \t(No symbol) [0x00007FF622925580]\n   \t(No symbol) [0x00007FF622914A1F]\n   \tBaseThreadInitThunk [0x00007FFA6AE87374+20]\n   \tRtlUserThreadStart [0x00007FFA6B6FCC91+33]\n", "test_name": "test_logout", "rerun": "0"}}, "suite_name": "test/test_feature.py"}}}, "date": "September 10, 2024", "start_time": 1725949111.1316013, "total_suite": 1, "status": "FAIL", "status_list": {"pass": "4", "fail": "5", "skip": "0", "error": "0", "xpass": "0", "xfail": "0", "rerun": "0"}, "total_tests": "9"}