{"content": {"suites": {"0": {"status": {"total_pass": 4, "total_skip": 0, "total_xpass": 0, "total_xfail": 0, "total_rerun": 0, "total_fail": 5, "total_error": 0}, "tests": {"0": {"status": "PASS", "message": "", "test_name": "test_registration[Joh-Do-123 Elm S-Some Cit-CAh-90001-555-555-5555-123-45-6789-john@#$2024-09-11 15:26:38.050070-demo-demo]", "rerun": "0"}, "1": {"status": "PASS", "message": "", "test_name": "test_registration[Joh-De-123 Elm St-Some City-CA-90001-555-555-5555-123-45-6789-invalid_user-short-long]", "rerun": "0"}, "2": {"status": "PASS", "message": "", "test_name": "test_login[john-demo-Welcome]", "rerun": "0"}, "3": {"status": "PASS", "message": "", "test_name": "test_invalid_login[invalid_user-invalid_pass-Error!]", "rerun": "0"}, "4": {"status": "FAIL", "message": "       AttributeError: 'NoneType' object has no attribute 'find_element'\n", "test_name": "test_transfer_funds[12345-54321-100-True]", "rerun": "0"}, "5": {"status": "FAIL", "message": "       AttributeError: 'NoneType' object has no attribute 'find_element'\n", "test_name": "test_transfer_funds[12345-54321-#$%-False]", "rerun": "0"}, "6": {"status": "FAIL", "message": "   selenium.common.exceptions.TimeoutException: Message: \n   Stacktrace:\n   \tGetHandleVerifier [0x00007FF7B8CF9412+29090]\n   \t(No symbol) [0x00007FF7B8C6E239]\n   \t(No symbol) [0x00007FF7B8B2B1DA]\n   \t(No symbol) [0x00007FF7B8B7EFE7]\n   \t(No symbol) [0x00007FF7B8B7F23C]\n   \t(No symbol) [0x00007FF7B8BC97C7]\n   \t(No symbol) [0x00007FF7B8BA672F]\n   \t(No symbol) [0x00007FF7B8BC65A2]\n   \t(No symbol) [0x00007FF7B8BA6493]\n   \t(No symbol) [0x00007FF7B8B709D1]\n   \t(No symbol) [0x00007FF7B8B71B31]\n   \tGetHandleVerifier [0x00007FF7B901871D+3302573]\n   \tGetHandleVerifier [0x00007FF7B9064243+3612627]\n   \tGetHandleVerifier [0x00007FF7B905A417+3572135]\n   \tGetHandleVerifier [0x00007FF7B8DB5EB6+801862]\n   \t(No symbol) [0x00007FF7B8C7945F]\n   \t(No symbol) [0x00007FF7B8C74FB4]\n   \t(No symbol) [0x00007FF7B8C75140]\n   \t(No symbol) [0x00007FF7B8C6461F]\n   \tBaseThreadInitThunk [0x00007FFA6AE87374+20]\n   \tRtlUserThreadStart [0x00007FFA6B6FCC91+33]\n", "test_name": "test_pay_bill[Some Payee-100-True]", "rerun": "0"}, "7": {"status": "FAIL", "message": "   selenium.common.exceptions.TimeoutException: Message: \n   Stacktrace:\n   \tGetHandleVerifier [0x00007FF7B8CF9412+29090]\n   \t(No symbol) [0x00007FF7B8C6E239]\n   \t(No symbol) [0x00007FF7B8B2B1DA]\n   \t(No symbol) [0x00007FF7B8B7EFE7]\n   \t(No symbol) [0x00007FF7B8B7F23C]\n   \t(No symbol) [0x00007FF7B8BC97C7]\n   \t(No symbol) [0x00007FF7B8BA672F]\n   \t(No symbol) [0x00007FF7B8BC65A2]\n   \t(No symbol) [0x00007FF7B8BA6493]\n   \t(No symbol) [0x00007FF7B8B709D1]\n   \t(No symbol) [0x00007FF7B8B71B31]\n   \tGetHandleVerifier [0x00007FF7B901871D+3302573]\n   \tGetHandleVerifier [0x00007FF7B9064243+3612627]\n   \tGetHandleVerifier [0x00007FF7B905A417+3572135]\n   \tGetHandleVerifier [0x00007FF7B8DB5EB6+801862]\n   \t(No symbol) [0x00007FF7B8C7945F]\n   \t(No symbol) [0x00007FF7B8C74FB4]\n   \t(No symbol) [0x00007FF7B8C75140]\n   \t(No symbol) [0x00007FF7B8C6461F]\n   \tBaseThreadInitThunk [0x00007FFA6AE87374+20]\n   \tRtlUserThreadStart [0x00007FFA6B6FCC91+33]\n", "test_name": "test_pay_bill[Invalid Payee-0-False]", "rerun": "0"}, "8": {"status": "FAIL", "message": "   selenium.common.exceptions.TimeoutException: Message: \n   Stacktrace:\n   \tGetHandleVerifier [0x00007FF7B8CF9412+29090]\n   \t(No symbol) [0x00007FF7B8C6E239]\n   \t(No symbol) [0x00007FF7B8B2B1DA]\n   \t(No symbol) [0x00007FF7B8B7EFE7]\n   \t(No symbol) [0x00007FF7B8B7F23C]\n   \t(No symbol) [0x00007FF7B8BC97C7]\n   \t(No symbol) [0x00007FF7B8BA672F]\n   \t(No symbol) [0x00007FF7B8BC65A2]\n   \t(No symbol) [0x00007FF7B8BA6493]\n   \t(No symbol) [0x00007FF7B8B709D1]\n   \t(No symbol) [0x00007FF7B8B71B31]\n   \tGetHandleVerifier [0x00007FF7B901871D+3302573]\n   \tGetHandleVerifier [0x00007FF7B9064243+3612627]\n   \tGetHandleVerifier [0x00007FF7B905A417+3572135]\n   \tGetHandleVerifier [0x00007FF7B8DB5EB6+801862]\n   \t(No symbol) [0x00007FF7B8C7945F]\n   \t(No symbol) [0x00007FF7B8C74FB4]\n   \t(No symbol) [0x00007FF7B8C75140]\n   \t(No symbol) [0x00007FF7B8C6461F]\n   \tBaseThreadInitThunk [0x00007FFA6AE87374+20]\n   \tRtlUserThreadStart [0x00007FFA6B6FCC91+33]\n", "test_name": "test_logout", "rerun": "0"}}, "suite_name": "test/test_feature.py"}}}, "date": "September 11, 2024", "start_time": 1726048878.0204384, "total_suite": 1, "status": "FAIL", "status_list": {"pass": "4", "fail": "5", "skip": "0", "error": "0", "xpass": "0", "xfail": "0", "rerun": "0"}, "total_tests": "9"}