{"content": {"suites": {"0": {"status": {"total_pass": 0, "total_skip": 0, "total_xpass": 0, "total_xfail": 0, "total_rerun": 0, "total_fail": 2, "total_error": 0}, "tests": {"0": {"status": "FAIL", "message": "       selenium.common.exceptions.NoSuchElementException: Message: Cannot locate option with value: 12345; For documentation on this error, please visit: https://www.selenium.dev/documentation/webdriver/troubleshooting/errors#no-such-element-exception\n", "test_name": "test_transfer_funds[12345-54321-100]", "rerun": "0"}, "1": {"status": "FAIL", "message": "       selenium.common.exceptions.NoSuchElementException: Message: Cannot locate option with value: 12345; For documentation on this error, please visit: https://www.selenium.dev/documentation/webdriver/troubleshooting/errors#no-such-element-exception\n", "test_name": "test_transfer_funds[12345-54321-500]", "rerun": "0"}}, "suite_name": "test/test_feature.py"}}}, "date": "September 14, 2024", "start_time": 1726315769.081185, "total_suite": 1, "status": "FAIL", "status_list": {"pass": "0", "fail": "2", "skip": "0", "error": "0", "xpass": "0", "xfail": "0", "rerun": "0"}, "total_tests": "2"}