{"content": {"suites": {"0": {"status": {"total_pass": 7, "total_skip": 0, "total_xpass": 0, "total_xfail": 0, "total_rerun": 0, "total_fail": 2, "total_error": 0}, "tests": {"0": {"status": "PASS", "message": "", "test_name": "test_registration[Joh-Do-123 Elm S-Some Cit-CAh-90001-555-555-5555-123-45-6789-john@#$2024-09-14 17:06:58.732830-demo-demo]", "rerun": "0"}, "1": {"status": "PASS", "message": "", "test_name": "test_registration[Joh-De-123 Elm St-Some City-CA-90001-555-555-5555-123-45-6789-invalid_user-short-long]", "rerun": "0"}, "2": {"status": "PASS", "message": "", "test_name": "test_login[john-demo-Welcome]", "rerun": "0"}, "3": {"status": "PASS", "message": "", "test_name": "test_invalid_login[invalid_user-invalid_pass-Error!]", "rerun": "0"}, "4": {"status": "FAIL", "message": "       selenium.common.exceptions.NoSuchElementException: Message: Cannot locate option with value: 12345; For documentation on this error, please visit: https://www.selenium.dev/documentation/webdriver/troubleshooting/errors#no-such-element-exception\n", "test_name": "test_transfer_funds[12345-54321-100]", "rerun": "0"}, "5": {"status": "FAIL", "message": "       selenium.common.exceptions.NoSuchElementException: Message: Cannot locate option with value: 12345; For documentation on this error, please visit: https://www.selenium.dev/documentation/webdriver/troubleshooting/errors#no-such-element-exception\n", "test_name": "test_transfer_funds[12345-54321-500]", "rerun": "0"}, "6": {"status": "PASS", "message": "", "test_name": "test_pay_bill[KIRAN-HGJF-JFJG-HGH-567857-1234567890-jrdhgs-123456gg-1000]", "rerun": "0"}, "7": {"status": "PASS", "message": "", "test_name": "test_pay_bill[KIRAN-HGJF-JFJG-HGH-567857-1234567890-1234567890-1234567890-1000]", "rerun": "0"}, "8": {"status": "PASS", "message": "", "test_name": "test_logout", "rerun": "0"}}, "suite_name": "test/test_feature.py"}}}, "date": "September 14, 2024", "start_time": 1726314098.9523625, "total_suite": 1, "status": "FAIL", "status_list": {"pass": "7", "fail": "2", "skip": "0", "error": "0", "xpass": "0", "xfail": "0", "rerun": "0"}, "total_tests": "9"}