{"content": {"suites": {"0": {"status": {"total_pass": 3, "total_skip": 0, "total_xpass": 0, "total_xfail": 0, "total_rerun": 0, "total_fail": 6, "total_error": 0}, "tests": {"0": {"status": "PASS", "message": "", "test_name": "test_registration[Joh-Do-123 Elm S-Some Cit-CAh-90001-555-555-5555-123-45-6789-john@#$2024-09-10 10:44:02.860160-demo-demo]", "rerun": "0"}, "1": {"status": "PASS", "message": "", "test_name": "test_registration[Joh-De-123 Elm St-Some City-CA-90001-555-555-5555-123-45-6789-invalid_user-short-long]", "rerun": "0"}, "2": {"status": "FAIL", "message": "   selenium.common.exceptions.TimeoutException: Message: \n   Stacktrace:\n   \tGetHandleVerifier [0x00007FF7F32BB5D2+29090]\n   \t(No symbol) [0x00007FF7F322E689]\n   \t(No symbol) [0x00007FF7F30EB1CA]\n   \t(No symbol) [0x00007FF7F313EFD7]\n   \t(No symbol) [0x00007FF7F313F22C]\n   \t(No symbol) [0x00007FF7F31897F7]\n   \t(No symbol) [0x00007FF7F316672F]\n   \t(No symbol) [0x00007FF7F31865D9]\n   \t(No symbol) [0x00007FF7F3166493]\n   \t(No symbol) [0x00007FF7F31309B1]\n   \t(No symbol) [0x00007FF7F3131B11]\n   \tGetHandleVerifier [0x00007FF7F35D8C5D+3295277]\n   \tGetHandleVerifier [0x00007FF7F3624843+3605523]\n   \tGetHandleVerifier [0x00007FF7F361A707+3564247]\n   \tGetHandleVerifier [0x00007FF7F3376EB6+797318]\n   \t(No symbol) [0x00007FF7F323980F]\n   \t(No symbol) [0x00007FF7F32353F4]\n   \t(No symbol) [0x00007FF7F3235580]\n   \t(No symbol) [0x00007FF7F3224A1F]\n   \tBaseThreadInitThunk [0x00007FFA6AE87374+20]\n   \tRtlUserThreadStart [0x00007FFA6B6FCC91+33]\n", "test_name": "test_login[john-demo-Welcome]", "rerun": "0"}, "3": {"status": "PASS", "message": "", "test_name": "test_invalid_login[invalid_user-invalid_pass-Error!]", "rerun": "0"}, "4": {"status": "FAIL", "message": "       AttributeError: 'NoneType' object has no attribute 'find_element'\n", "test_name": "test_transfer_funds[12345-54321-100-True]", "rerun": "0"}, "5": {"status": "FAIL", "message": "       AttributeError: 'NoneType' object has no attribute 'find_element'\n", "test_name": "test_transfer_funds[12345-54321-#$%-False]", "rerun": "0"}, "6": {"status": "FAIL", "message": "   selenium.common.exceptions.TimeoutException: Message: \n   Stacktrace:\n   \tGetHandleVerifier [0x00007FF7F32BB5D2+29090]\n   \t(No symbol) [0x00007FF7F322E689]\n   \t(No symbol) [0x00007FF7F30EB1CA]\n   \t(No symbol) [0x00007FF7F313EFD7]\n   \t(No symbol) [0x00007FF7F313F22C]\n   \t(No symbol) [0x00007FF7F31897F7]\n   \t(No symbol) [0x00007FF7F316672F]\n   \t(No symbol) [0x00007FF7F31865D9]\n   \t(No symbol) [0x00007FF7F3166493]\n   \t(No symbol) [0x00007FF7F31309B1]\n   \t(No symbol) [0x00007FF7F3131B11]\n   \tGetHandleVerifier [0x00007FF7F35D8C5D+3295277]\n   \tGetHandleVerifier [0x00007FF7F3624843+3605523]\n   \tGetHandleVerifier [0x00007FF7F361A707+3564247]\n   \tGetHandleVerifier [0x00007FF7F3376EB6+797318]\n   \t(No symbol) [0x00007FF7F323980F]\n   \t(No symbol) [0x00007FF7F32353F4]\n   \t(No symbol) [0x00007FF7F3235580]\n   \t(No symbol) [0x00007FF7F3224A1F]\n   \tBaseThreadInitThunk [0x00007FFA6AE87374+20]\n   \tRtlUserThreadStart [0x00007FFA6B6FCC91+33]\n", "test_name": "test_pay_bill[Some Payee-100-True]", "rerun": "0"}, "7": {"status": "FAIL", "message": "   selenium.common.exceptions.TimeoutException: Message: \n   Stacktrace:\n   \tGetHandleVerifier [0x00007FF7F32BB5D2+29090]\n   \t(No symbol) [0x00007FF7F322E689]\n   \t(No symbol) [0x00007FF7F30EB1CA]\n   \t(No symbol) [0x00007FF7F313EFD7]\n   \t(No symbol) [0x00007FF7F313F22C]\n   \t(No symbol) [0x00007FF7F31897F7]\n   \t(No symbol) [0x00007FF7F316672F]\n   \t(No symbol) [0x00007FF7F31865D9]\n   \t(No symbol) [0x00007FF7F3166493]\n   \t(No symbol) [0x00007FF7F31309B1]\n   \t(No symbol) [0x00007FF7F3131B11]\n   \tGetHandleVerifier [0x00007FF7F35D8C5D+3295277]\n   \tGetHandleVerifier [0x00007FF7F3624843+3605523]\n   \tGetHandleVerifier [0x00007FF7F361A707+3564247]\n   \tGetHandleVerifier [0x00007FF7F3376EB6+797318]\n   \t(No symbol) [0x00007FF7F323980F]\n   \t(No symbol) [0x00007FF7F32353F4]\n   \t(No symbol) [0x00007FF7F3235580]\n   \t(No symbol) [0x00007FF7F3224A1F]\n   \tBaseThreadInitThunk [0x00007FFA6AE87374+20]\n   \tRtlUserThreadStart [0x00007FFA6B6FCC91+33]\n", "test_name": "test_pay_bill[Invalid Payee-0-False]", "rerun": "0"}, "8": {"status": "FAIL", "message": "   selenium.common.exceptions.TimeoutException: Message: \n   Stacktrace:\n   \tGetHandleVerifier [0x00007FF7F32BB5D2+29090]\n   \t(No symbol) [0x00007FF7F322E689]\n   \t(No symbol) [0x00007FF7F30EB1CA]\n   \t(No symbol) [0x00007FF7F313EFD7]\n   \t(No symbol) [0x00007FF7F313F22C]\n   \t(No symbol) [0x00007FF7F31897F7]\n   \t(No symbol) [0x00007FF7F316672F]\n   \t(No symbol) [0x00007FF7F31865D9]\n   \t(No symbol) [0x00007FF7F3166493]\n   \t(No symbol) [0x00007FF7F31309B1]\n   \t(No symbol) [0x00007FF7F3131B11]\n   \tGetHandleVerifier [0x00007FF7F35D8C5D+3295277]\n   \tGetHandleVerifier [0x00007FF7F3624843+3605523]\n   \tGetHandleVerifier [0x00007FF7F361A707+3564247]\n   \tGetHandleVerifier [0x00007FF7F3376EB6+797318]\n   \t(No symbol) [0x00007FF7F323980F]\n   \t(No symbol) [0x00007FF7F32353F4]\n   \t(No symbol) [0x00007FF7F3235580]\n   \t(No symbol) [0x00007FF7F3224A1F]\n   \tBaseThreadInitThunk [0x00007FFA6AE87374+20]\n   \tRtlUserThreadStart [0x00007FFA6B6FCC91+33]\n", "test_name": "test_logout", "rerun": "0"}}, "suite_name": "test/test_feature.py"}}}, "date": "September 10, 2024", "start_time": 1725945514.1268358, "total_suite": 1, "status": "FAIL", "status_list": {"pass": "3", "fail": "6", "skip": "0", "error": "0", "xpass": "0", "xfail": "0", "rerun": "0"}, "total_tests": "9"}