{"content": {"suites": {"0": {"status": {"total_pass": 0, "total_skip": 0, "total_xpass": 0, "total_xfail": 0, "total_rerun": 0, "total_fail": 2, "total_error": 0}, "tests": {"0": {"status": "FAIL", "message": "   selenium.common.exceptions.TimeoutException: Message: \n   Stacktrace:\n   \tGetHandleVerifier [0x00007FF604C19412+29090]\n   \t(No symbol) [0x00007FF604B8E239]\n   \t(No symbol) [0x00007FF604A4B1DA]\n   \t(No symbol) [0x00007FF604A9EFE7]\n   \t(No symbol) [0x00007FF604A9F23C]\n   \t(No symbol) [0x00007FF604AE97C7]\n   \t(No symbol) [0x00007FF604AC672F]\n   \t(No symbol) [0x00007FF604AE65A2]\n   \t(No symbol) [0x00007FF604AC6493]\n   \t(No symbol) [0x00007FF604A909D1]\n   \t(No symbol) [0x00007FF604A91B31]\n   \tGetHandleVerifier [0x00007FF604F3871D+3302573]\n   \tGetHandleVerifier [0x00007FF604F84243+3612627]\n   \tGetHandleVerifier [0x00007FF604F7A417+3572135]\n   \tGetHandleVerifier [0x00007FF604CD5EB6+801862]\n   \t(No symbol) [0x00007FF604B9945F]\n   \t(No symbol) [0x00007FF604B94FB4]\n   \t(No symbol) [0x00007FF604B95140]\n   \t(No symbol) [0x00007FF604B8461F]\n   \tBaseThreadInitThunk [0x00007FFA6AE87374+20]\n   \tRtlUserThreadStart [0x00007FFA6B6FCC91+33]\n", "test_name": "test_pay_bill[Some Payee-100-True]", "rerun": "0"}, "1": {"status": "FAIL", "message": "   selenium.common.exceptions.TimeoutException: Message: \n   Stacktrace:\n   \tGetHandleVerifier [0x00007FF604C19412+29090]\n   \t(No symbol) [0x00007FF604B8E239]\n   \t(No symbol) [0x00007FF604A4B1DA]\n   \t(No symbol) [0x00007FF604A9EFE7]\n   \t(No symbol) [0x00007FF604A9F23C]\n   \t(No symbol) [0x00007FF604AE97C7]\n   \t(No symbol) [0x00007FF604AC672F]\n   \t(No symbol) [0x00007FF604AE65A2]\n   \t(No symbol) [0x00007FF604AC6493]\n   \t(No symbol) [0x00007FF604A909D1]\n   \t(No symbol) [0x00007FF604A91B31]\n   \tGetHandleVerifier [0x00007FF604F3871D+3302573]\n   \tGetHandleVerifier [0x00007FF604F84243+3612627]\n   \tGetHandleVerifier [0x00007FF604F7A417+3572135]\n   \tGetHandleVerifier [0x00007FF604CD5EB6+801862]\n   \t(No symbol) [0x00007FF604B9945F]\n   \t(No symbol) [0x00007FF604B94FB4]\n   \t(No symbol) [0x00007FF604B95140]\n   \t(No symbol) [0x00007FF604B8461F]\n   \tBaseThreadInitThunk [0x00007FFA6AE87374+20]\n   \tRtlUserThreadStart [0x00007FFA6B6FCC91+33]\n", "test_name": "test_pay_bill[Invalid Payee-0-False]", "rerun": "0"}}, "suite_name": "test/test_feature.py"}}}, "date": "September 11, 2024", "start_time": 1726055763.8023798, "total_suite": 1, "status": "FAIL", "status_list": {"pass": "0", "fail": "2", "skip": "0", "error": "0", "xpass": "0", "xfail": "0", "rerun": "0"}, "total_tests": "2"}