{"content": {"suites": {"0": {"status": {"total_pass": 0, "total_skip": 0, "total_xpass": 0, "total_xfail": 0, "total_rerun": 0, "total_fail": 9, "total_error": 0}, "tests": {"0": {"status": "FAIL", "message": "   selenium.common.exceptions.TimeoutException: Message: \n   Stacktrace:\n   \tGetHandleVerifier [0x00007FF6F649B5D2+29090]\n   \t(No symbol) [0x00007FF6F640E689]\n   \t(No symbol) [0x00007FF6F62CB1CA]\n   \t(No symbol) [0x00007FF6F631EFD7]\n   \t(No symbol) [0x00007FF6F631F22C]\n   \t(No symbol) [0x00007FF6F63697F7]\n   \t(No symbol) [0x00007FF6F634672F]\n   \t(No symbol) [0x00007FF6F63665D9]\n   \t(No symbol) [0x00007FF6F6346493]\n   \t(No symbol) [0x00007FF6F63109B1]\n   \t(No symbol) [0x00007FF6F6311B11]\n   \tGetHandleVerifier [0x00007FF6F67B8C5D+3295277]\n   \tGetHandleVerifier [0x00007FF6F6804843+3605523]\n   \tGetHandleVerifier [0x00007FF6F67FA707+3564247]\n   \tGetHandleVerifier [0x00007FF6F6556EB6+797318]\n   \t(No symbol) [0x00007FF6F641980F]\n   \t(No symbol) [0x00007FF6F64153F4]\n   \t(No symbol) [0x00007FF6F6415580]\n   \t(No symbol) [0x00007FF6F6404A1F]\n   \tBaseThreadInitThunk [0x00007FFA6AE87374+20]\n   \tRtlUserThreadStart [0x00007FFA6B6FCC91+33]\n", "test_name": "test_registration[John-Doe-123 Elm St-Some City-CA-90001-555-555-5555-123-45-6789-john-demo-True]", "rerun": "0"}, "1": {"status": "FAIL", "message": "   selenium.common.exceptions.TimeoutException: Message: \n   Stacktrace:\n   \tGetHandleVerifier [0x00007FF6F649B5D2+29090]\n   \t(No symbol) [0x00007FF6F640E689]\n   \t(No symbol) [0x00007FF6F62CB1CA]\n   \t(No symbol) [0x00007FF6F631EFD7]\n   \t(No symbol) [0x00007FF6F631F22C]\n   \t(No symbol) [0x00007FF6F63697F7]\n   \t(No symbol) [0x00007FF6F634672F]\n   \t(No symbol) [0x00007FF6F63665D9]\n   \t(No symbol) [0x00007FF6F6346493]\n   \t(No symbol) [0x00007FF6F63109B1]\n   \t(No symbol) [0x00007FF6F6311B11]\n   \tGetHandleVerifier [0x00007FF6F67B8C5D+3295277]\n   \tGetHandleVerifier [0x00007FF6F6804843+3605523]\n   \tGetHandleVerifier [0x00007FF6F67FA707+3564247]\n   \tGetHandleVerifier [0x00007FF6F6556EB6+797318]\n   \t(No symbol) [0x00007FF6F641980F]\n   \t(No symbol) [0x00007FF6F64153F4]\n   \t(No symbol) [0x00007FF6F6415580]\n   \t(No symbol) [0x00007FF6F6404A1F]\n   \tBaseThreadInitThunk [0x00007FFA6AE87374+20]\n   \tRtlUserThreadStart [0x00007FFA6B6FCC91+33]\n", "test_name": "test_registration[John-Doe-123 Elm St-Some City-CA-90001-555-555-5555-123-45-6789-invalid_user-short-False]", "rerun": "0"}, "2": {"status": "FAIL", "message": "   selenium.common.exceptions.TimeoutException: Message: \n   Stacktrace:\n   \tGetHandleVerifier [0x00007FF6F649B5D2+29090]\n   \t(No symbol) [0x00007FF6F640E689]\n   \t(No symbol) [0x00007FF6F62CB1CA]\n   \t(No symbol) [0x00007FF6F631EFD7]\n   \t(No symbol) [0x00007FF6F631F22C]\n   \t(No symbol) [0x00007FF6F63697F7]\n   \t(No symbol) [0x00007FF6F634672F]\n   \t(No symbol) [0x00007FF6F63665D9]\n   \t(No symbol) [0x00007FF6F6346493]\n   \t(No symbol) [0x00007FF6F63109B1]\n   \t(No symbol) [0x00007FF6F6311B11]\n   \tGetHandleVerifier [0x00007FF6F67B8C5D+3295277]\n   \tGetHandleVerifier [0x00007FF6F6804843+3605523]\n   \tGetHandleVerifier [0x00007FF6F67FA707+3564247]\n   \tGetHandleVerifier [0x00007FF6F6556EB6+797318]\n   \t(No symbol) [0x00007FF6F641980F]\n   \t(No symbol) [0x00007FF6F64153F4]\n   \t(No symbol) [0x00007FF6F6415580]\n   \t(No symbol) [0x00007FF6F6404A1F]\n   \tBaseThreadInitThunk [0x00007FFA6AE87374+20]\n   \tRtlUserThreadStart [0x00007FFA6B6FCC91+33]\n", "test_name": "test_login[john-demo-Account Overview]", "rerun": "0"}, "3": {"status": "FAIL", "message": "   selenium.common.exceptions.TimeoutException: Message: \n   Stacktrace:\n   \tGetHandleVerifier [0x00007FF6F649B5D2+29090]\n   \t(No symbol) [0x00007FF6F640E689]\n   \t(No symbol) [0x00007FF6F62CB1CA]\n   \t(No symbol) [0x00007FF6F631EFD7]\n   \t(No symbol) [0x00007FF6F631F22C]\n   \t(No symbol) [0x00007FF6F63697F7]\n   \t(No symbol) [0x00007FF6F634672F]\n   \t(No symbol) [0x00007FF6F63665D9]\n   \t(No symbol) [0x00007FF6F6346493]\n   \t(No symbol) [0x00007FF6F63109B1]\n   \t(No symbol) [0x00007FF6F6311B11]\n   \tGetHandleVerifier [0x00007FF6F67B8C5D+3295277]\n   \tGetHandleVerifier [0x00007FF6F6804843+3605523]\n   \tGetHandleVerifier [0x00007FF6F67FA707+3564247]\n   \tGetHandleVerifier [0x00007FF6F6556EB6+797318]\n   \t(No symbol) [0x00007FF6F641980F]\n   \t(No symbol) [0x00007FF6F64153F4]\n   \t(No symbol) [0x00007FF6F6415580]\n   \t(No symbol) [0x00007FF6F6404A1F]\n   \tBaseThreadInitThunk [0x00007FFA6AE87374+20]\n   \tRtlUserThreadStart [0x00007FFA6B6FCC91+33]\n", "test_name": "test_login[invalid_user-invalid_pass-The username and password could not be verified.]", "rerun": "0"}, "4": {"status": "FAIL", "message": "   selenium.common.exceptions.TimeoutException: Message: \n   Stacktrace:\n   \tGetHandleVerifier [0x00007FF6F649B5D2+29090]\n   \t(No symbol) [0x00007FF6F640E689]\n   \t(No symbol) [0x00007FF6F62CB1CA]\n   \t(No symbol) [0x00007FF6F631EFD7]\n   \t(No symbol) [0x00007FF6F631F22C]\n   \t(No symbol) [0x00007FF6F63697F7]\n   \t(No symbol) [0x00007FF6F634672F]\n   \t(No symbol) [0x00007FF6F63665D9]\n   \t(No symbol) [0x00007FF6F6346493]\n   \t(No symbol) [0x00007FF6F63109B1]\n   \t(No symbol) [0x00007FF6F6311B11]\n   \tGetHandleVerifier [0x00007FF6F67B8C5D+3295277]\n   \tGetHandleVerifier [0x00007FF6F6804843+3605523]\n   \tGetHandleVerifier [0x00007FF6F67FA707+3564247]\n   \tGetHandleVerifier [0x00007FF6F6556EB6+797318]\n   \t(No symbol) [0x00007FF6F641980F]\n   \t(No symbol) [0x00007FF6F64153F4]\n   \t(No symbol) [0x00007FF6F6415580]\n   \t(No symbol) [0x00007FF6F6404A1F]\n   \tBaseThreadInitThunk [0x00007FFA6AE87374+20]\n   \tRtlUserThreadStart [0x00007FFA6B6FCC91+33]\n", "test_name": "test_transfer_funds[12345-54321-100-True]", "rerun": "0"}, "5": {"status": "FAIL", "message": "   selenium.common.exceptions.TimeoutException: Message: \n   Stacktrace:\n   \tGetHandleVerifier [0x00007FF6F649B5D2+29090]\n   \t(No symbol) [0x00007FF6F640E689]\n   \t(No symbol) [0x00007FF6F62CB1CA]\n   \t(No symbol) [0x00007FF6F631EFD7]\n   \t(No symbol) [0x00007FF6F631F22C]\n   \t(No symbol) [0x00007FF6F63697F7]\n   \t(No symbol) [0x00007FF6F634672F]\n   \t(No symbol) [0x00007FF6F63665D9]\n   \t(No symbol) [0x00007FF6F6346493]\n   \t(No symbol) [0x00007FF6F63109B1]\n   \t(No symbol) [0x00007FF6F6311B11]\n   \tGetHandleVerifier [0x00007FF6F67B8C5D+3295277]\n   \tGetHandleVerifier [0x00007FF6F6804843+3605523]\n   \tGetHandleVerifier [0x00007FF6F67FA707+3564247]\n   \tGetHandleVerifier [0x00007FF6F6556EB6+797318]\n   \t(No symbol) [0x00007FF6F641980F]\n   \t(No symbol) [0x00007FF6F64153F4]\n   \t(No symbol) [0x00007FF6F6415580]\n   \t(No symbol) [0x00007FF6F6404A1F]\n   \tBaseThreadInitThunk [0x00007FFA6AE87374+20]\n   \tRtlUserThreadStart [0x00007FFA6B6FCC91+33]\n", "test_name": "test_transfer_funds[12345-54321-0-False]", "rerun": "0"}, "6": {"status": "FAIL", "message": "   selenium.common.exceptions.TimeoutException: Message: \n   Stacktrace:\n   \tGetHandleVerifier [0x00007FF6F649B5D2+29090]\n   \t(No symbol) [0x00007FF6F640E689]\n   \t(No symbol) [0x00007FF6F62CB1CA]\n   \t(No symbol) [0x00007FF6F631EFD7]\n   \t(No symbol) [0x00007FF6F631F22C]\n   \t(No symbol) [0x00007FF6F63697F7]\n   \t(No symbol) [0x00007FF6F634672F]\n   \t(No symbol) [0x00007FF6F63665D9]\n   \t(No symbol) [0x00007FF6F6346493]\n   \t(No symbol) [0x00007FF6F63109B1]\n   \t(No symbol) [0x00007FF6F6311B11]\n   \tGetHandleVerifier [0x00007FF6F67B8C5D+3295277]\n   \tGetHandleVerifier [0x00007FF6F6804843+3605523]\n   \tGetHandleVerifier [0x00007FF6F67FA707+3564247]\n   \tGetHandleVerifier [0x00007FF6F6556EB6+797318]\n   \t(No symbol) [0x00007FF6F641980F]\n   \t(No symbol) [0x00007FF6F64153F4]\n   \t(No symbol) [0x00007FF6F6415580]\n   \t(No symbol) [0x00007FF6F6404A1F]\n   \tBaseThreadInitThunk [0x00007FFA6AE87374+20]\n   \tRtlUserThreadStart [0x00007FFA6B6FCC91+33]\n", "test_name": "test_pay_bill[Some Payee-100-True]", "rerun": "0"}, "7": {"status": "FAIL", "message": "   selenium.common.exceptions.TimeoutException: Message: \n   Stacktrace:\n   \tGetHandleVerifier [0x00007FF6F649B5D2+29090]\n   \t(No symbol) [0x00007FF6F640E689]\n   \t(No symbol) [0x00007FF6F62CB1CA]\n   \t(No symbol) [0x00007FF6F631EFD7]\n   \t(No symbol) [0x00007FF6F631F22C]\n   \t(No symbol) [0x00007FF6F63697F7]\n   \t(No symbol) [0x00007FF6F634672F]\n   \t(No symbol) [0x00007FF6F63665D9]\n   \t(No symbol) [0x00007FF6F6346493]\n   \t(No symbol) [0x00007FF6F63109B1]\n   \t(No symbol) [0x00007FF6F6311B11]\n   \tGetHandleVerifier [0x00007FF6F67B8C5D+3295277]\n   \tGetHandleVerifier [0x00007FF6F6804843+3605523]\n   \tGetHandleVerifier [0x00007FF6F67FA707+3564247]\n   \tGetHandleVerifier [0x00007FF6F6556EB6+797318]\n   \t(No symbol) [0x00007FF6F641980F]\n   \t(No symbol) [0x00007FF6F64153F4]\n   \t(No symbol) [0x00007FF6F6415580]\n   \t(No symbol) [0x00007FF6F6404A1F]\n   \tBaseThreadInitThunk [0x00007FFA6AE87374+20]\n   \tRtlUserThreadStart [0x00007FFA6B6FCC91+33]\n", "test_name": "test_pay_bill[Invalid Payee-0-False]", "rerun": "0"}, "8": {"status": "FAIL", "message": "   selenium.common.exceptions.TimeoutException: Message: \n   Stacktrace:\n   \tGetHandleVerifier [0x00007FF6F649B5D2+29090]\n   \t(No symbol) [0x00007FF6F640E689]\n   \t(No symbol) [0x00007FF6F62CB1CA]\n   \t(No symbol) [0x00007FF6F631EFD7]\n   \t(No symbol) [0x00007FF6F631F22C]\n   \t(No symbol) [0x00007FF6F63697F7]\n   \t(No symbol) [0x00007FF6F634672F]\n   \t(No symbol) [0x00007FF6F63665D9]\n   \t(No symbol) [0x00007FF6F6346493]\n   \t(No symbol) [0x00007FF6F63109B1]\n   \t(No symbol) [0x00007FF6F6311B11]\n   \tGetHandleVerifier [0x00007FF6F67B8C5D+3295277]\n   \tGetHandleVerifier [0x00007FF6F6804843+3605523]\n   \tGetHandleVerifier [0x00007FF6F67FA707+3564247]\n   \tGetHandleVerifier [0x00007FF6F6556EB6+797318]\n   \t(No symbol) [0x00007FF6F641980F]\n   \t(No symbol) [0x00007FF6F64153F4]\n   \t(No symbol) [0x00007FF6F6415580]\n   \t(No symbol) [0x00007FF6F6404A1F]\n   \tBaseThreadInitThunk [0x00007FFA6AE87374+20]\n   \tRtlUserThreadStart [0x00007FFA6B6FCC91+33]\n", "test_name": "test_logout", "rerun": "0"}}, "suite_name": "test/test_feature.py"}}}, "date": "September 09, 2024", "start_time": 1725873779.1335795, "total_suite": 1, "status": "FAIL", "status_list": {"pass": "0", "fail": "9", "skip": "0", "error": "0", "xpass": "0", "xfail": "0", "rerun": "0"}, "total_tests": "9"}