{"content": {"suites": {"0": {"status": {"total_pass": 2, "total_skip": 0, "total_xpass": 0, "total_xfail": 0, "total_rerun": 0, "total_fail": 8, "total_error": 0}, "tests": {"0": {"status": "PASS", "message": "", "test_name": "test_sign_up", "rerun": "0"}, "1": {"status": "FAIL", "message": "   selenium.common.exceptions.ElementClickInterceptedException: Message: element click intercepted: Element <a class=\"nav-link\" href=\"#\" id=\"login2\" data-toggle=\"modal\" data-target=\"#logInModal\" style=\"display: block;\">...</a> is not clickable at point (1121, 37). Other element would receive the click: <div class=\"modal fade show\" id=\"signInModal\" tabindex=\"-1\" role=\"dialog\" aria-labelledby=\"signInModalLabel\" style=\"display: block;\">...</div>\n     (Session info: chrome=128.0.6613.115)\n   Stacktrace:\n   \tGetHandleVerifier [0x00007FF63528B5D2+29090]\n   \t(No symbol) [0x00007FF6351FE689]\n   \t(No symbol) [0x00007FF6350BB1CA]\n   \t(No symbol) [0x00007FF635116C0E]\n   \t(No symbol) [0x00007FF635114682]\n   \t(No symbol) [0x00007FF635111B9B]\n   \t(No symbol) [0x00007FF635110DB5]\n   \t(No symbol) [0x00007FF635102D61]\n   \t(No symbol) [0x00007FF6351366EA]\n   \t(No symbol) [0x00007FF6351026A6]\n   \t(No symbol) [0x00007FF635136900]\n   \t(No symbol) [0x00007FF6351565D9]\n   \t(No symbol) [0x00007FF635136493]\n   \t(No symbol) [0x00007FF6351009B1]\n   \t(No symbol) [0x00007FF635101B11]\n   \tGetHandleVerifier [0x00007FF6355A8C5D+3295277]\n   \tGetHandleVerifier [0x00007FF6355F4843+3605523]\n   \tGetHandleVerifier [0x00007FF6355EA707+3564247]\n   \tGetHandleVerifier [0x00007FF635346EB6+797318]\n   \t(No symbol) [0x00007FF63520980F]\n   \t(No symbol) [0x00007FF6352053F4]\n   \t(No symbol) [0x00007FF635205580]\n   \t(No symbol) [0x00007FF6351F4A1F]\n   \tBaseThreadInitThunk [0x00007FFA6AE87374+20]\n   \tRtlUserThreadStart [0x00007FFA6B6FCC91+33]\n", "test_name": "test_login", "rerun": "0"}, "2": {"status": "PASS", "message": "", "test_name": "test_home_page", "rerun": "0"}, "3": {"status": "FAIL", "message": "   selenium.common.exceptions.ElementClickInterceptedException: Message: element click intercepted: Element <a href=\"#\" id=\"itemc\" onclick=\"byCat('phone')\" class=\"list-group-item\">...</a> is not clickable at point (332, 531). Other element would receive the click: <div class=\"modal fade show\" id=\"signInModal\" tabindex=\"-1\" role=\"dialog\" aria-labelledby=\"signInModalLabel\" style=\"display: block;\">...</div>\n     (Session info: chrome=128.0.6613.115)\n   Stacktrace:\n   \tGetHandleVerifier [0x00007FF63528B5D2+29090]\n   \t(No symbol) [0x00007FF6351FE689]\n   \t(No symbol) [0x00007FF6350BB1CA]\n   \t(No symbol) [0x00007FF635116C0E]\n   \t(No symbol) [0x00007FF635114682]\n   \t(No symbol) [0x00007FF635111B9B]\n   \t(No symbol) [0x00007FF635110DB5]\n   \t(No symbol) [0x00007FF635102D61]\n   \t(No symbol) [0x00007FF6351366EA]\n   \t(No symbol) [0x00007FF6351026A6]\n   \t(No symbol) [0x00007FF635136900]\n   \t(No symbol) [0x00007FF6351565D9]\n   \t(No symbol) [0x00007FF635136493]\n   \t(No symbol) [0x00007FF6351009B1]\n   \t(No symbol) [0x00007FF635101B11]\n   \tGetHandleVerifier [0x00007FF6355A8C5D+3295277]\n   \tGetHandleVerifier [0x00007FF6355F4843+3605523]\n   \tGetHandleVerifier [0x00007FF6355EA707+3564247]\n   \tGetHandleVerifier [0x00007FF635346EB6+797318]\n   \t(No symbol) [0x00007FF63520980F]\n   \t(No symbol) [0x00007FF6352053F4]\n   \t(No symbol) [0x00007FF635205580]\n   \t(No symbol) [0x00007FF6351F4A1F]\n   \tBaseThreadInitThunk [0x00007FFA6AE87374+20]\n   \tRtlUserThreadStart [0x00007FFA6B6FCC91+33]\n", "test_name": "test_categories", "rerun": "0"}, "4": {"status": "FAIL", "message": "   selenium.common.exceptions.ElementClickInterceptedException: Message: element click intercepted: Element <a class=\"nav-link\" href=\"#\" id=\"login2\" data-toggle=\"modal\" data-target=\"#logInModal\" style=\"display: block;\">...</a> is not clickable at point (1121, 37). Other element would receive the click: <div class=\"modal fade show\" id=\"signInModal\" tabindex=\"-1\" role=\"dialog\" aria-labelledby=\"signInModalLabel\" style=\"display: block;\">...</div>\n     (Session info: chrome=128.0.6613.115)\n   Stacktrace:\n   \tGetHandleVerifier [0x00007FF63528B5D2+29090]\n   \t(No symbol) [0x00007FF6351FE689]\n   \t(No symbol) [0x00007FF6350BB1CA]\n   \t(No symbol) [0x00007FF635116C0E]\n   \t(No symbol) [0x00007FF635114682]\n   \t(No symbol) [0x00007FF635111B9B]\n   \t(No symbol) [0x00007FF635110DB5]\n   \t(No symbol) [0x00007FF635102D61]\n   \t(No symbol) [0x00007FF6351366EA]\n   \t(No symbol) [0x00007FF6351026A6]\n   \t(No symbol) [0x00007FF635136900]\n   \t(No symbol) [0x00007FF6351565D9]\n   \t(No symbol) [0x00007FF635136493]\n   \t(No symbol) [0x00007FF6351009B1]\n   \t(No symbol) [0x00007FF635101B11]\n   \tGetHandleVerifier [0x00007FF6355A8C5D+3295277]\n   \tGetHandleVerifier [0x00007FF6355F4843+3605523]\n   \tGetHandleVerifier [0x00007FF6355EA707+3564247]\n   \tGetHandleVerifier [0x00007FF635346EB6+797318]\n   \t(No symbol) [0x00007FF63520980F]\n   \t(No symbol) [0x00007FF6352053F4]\n   \t(No symbol) [0x00007FF635205580]\n   \t(No symbol) [0x00007FF6351F4A1F]\n   \tBaseThreadInitThunk [0x00007FFA6AE87374+20]\n   \tRtlUserThreadStart [0x00007FFA6B6FCC91+33]\n", "test_name": "test_add_product_to_cart", "rerun": "0"}, "5": {"status": "FAIL", "message": "   selenium.common.exceptions.ElementClickInterceptedException: Message: element click intercepted: Element <a class=\"nav-link\" href=\"#\" id=\"login2\" data-toggle=\"modal\" data-target=\"#logInModal\" style=\"display: block;\">...</a> is not clickable at point (1121, 37). Other element would receive the click: <div class=\"modal fade show\" id=\"signInModal\" tabindex=\"-1\" role=\"dialog\" aria-labelledby=\"signInModalLabel\" style=\"display: block;\">...</div>\n     (Session info: chrome=128.0.6613.115)\n   Stacktrace:\n   \tGetHandleVerifier [0x00007FF63528B5D2+29090]\n   \t(No symbol) [0x00007FF6351FE689]\n   \t(No symbol) [0x00007FF6350BB1CA]\n   \t(No symbol) [0x00007FF635116C0E]\n   \t(No symbol) [0x00007FF635114682]\n   \t(No symbol) [0x00007FF635111B9B]\n   \t(No symbol) [0x00007FF635110DB5]\n   \t(No symbol) [0x00007FF635102D61]\n   \t(No symbol) [0x00007FF6351366EA]\n   \t(No symbol) [0x00007FF6351026A6]\n   \t(No symbol) [0x00007FF635136900]\n   \t(No symbol) [0x00007FF6351565D9]\n   \t(No symbol) [0x00007FF635136493]\n   \t(No symbol) [0x00007FF6351009B1]\n   \t(No symbol) [0x00007FF635101B11]\n   \tGetHandleVerifier [0x00007FF6355A8C5D+3295277]\n   \tGetHandleVerifier [0x00007FF6355F4843+3605523]\n   \tGetHandleVerifier [0x00007FF6355EA707+3564247]\n   \tGetHandleVerifier [0x00007FF635346EB6+797318]\n   \t(No symbol) [0x00007FF63520980F]\n   \t(No symbol) [0x00007FF6352053F4]\n   \t(No symbol) [0x00007FF635205580]\n   \t(No symbol) [0x00007FF6351F4A1F]\n   \tBaseThreadInitThunk [0x00007FFA6AE87374+20]\n   \tRtlUserThreadStart [0x00007FFA6B6FCC91+33]\n", "test_name": "test_checkout_process", "rerun": "0"}, "6": {"status": "FAIL", "message": "   selenium.common.exceptions.ElementClickInterceptedException: Message: element click intercepted: Element <a class=\"nav-link\" data-toggle=\"modal\" data-target=\"#exampleModal\" href=\"#\">...</a> is not clickable at point (930, 37). Other element would receive the click: <div class=\"modal-header\">...</div>\n     (Session info: chrome=128.0.6613.115)\n   Stacktrace:\n   \tGetHandleVerifier [0x00007FF63528B5D2+29090]\n   \t(No symbol) [0x00007FF6351FE689]\n   \t(No symbol) [0x00007FF6350BB1CA]\n   \t(No symbol) [0x00007FF635116C0E]\n   \t(No symbol) [0x00007FF635114682]\n   \t(No symbol) [0x00007FF635111B9B]\n   \t(No symbol) [0x00007FF635110DB5]\n   \t(No symbol) [0x00007FF635102D61]\n   \t(No symbol) [0x00007FF6351366EA]\n   \t(No symbol) [0x00007FF6351026A6]\n   \t(No symbol) [0x00007FF635136900]\n   \t(No symbol) [0x00007FF6351565D9]\n   \t(No symbol) [0x00007FF635136493]\n   \t(No symbol) [0x00007FF6351009B1]\n   \t(No symbol) [0x00007FF635101B11]\n   \tGetHandleVerifier [0x00007FF6355A8C5D+3295277]\n   \tGetHandleVerifier [0x00007FF6355F4843+3605523]\n   \tGetHandleVerifier [0x00007FF6355EA707+3564247]\n   \tGetHandleVerifier [0x00007FF635346EB6+797318]\n   \t(No symbol) [0x00007FF63520980F]\n   \t(No symbol) [0x00007FF6352053F4]\n   \t(No symbol) [0x00007FF635205580]\n   \t(No symbol) [0x00007FF6351F4A1F]\n   \tBaseThreadInitThunk [0x00007FFA6AE87374+20]\n   \tRtlUserThreadStart [0x00007FFA6B6FCC91+33]\n", "test_name": "test_contact_us", "rerun": "0"}, "7": {"status": "FAIL", "message": "   selenium.common.exceptions.ElementClickInterceptedException: Message: element click intercepted: Element <a class=\"nav-link\" data-toggle=\"modal\" data-target=\"#videoModal\" href=\"#\">...</a> is not clickable at point (1006, 37). Other element would receive the click: <div class=\"modal-header\">...</div>\n     (Session info: chrome=128.0.6613.115)\n   Stacktrace:\n   \tGetHandleVerifier [0x00007FF63528B5D2+29090]\n   \t(No symbol) [0x00007FF6351FE689]\n   \t(No symbol) [0x00007FF6350BB1CA]\n   \t(No symbol) [0x00007FF635116C0E]\n   \t(No symbol) [0x00007FF635114682]\n   \t(No symbol) [0x00007FF635111B9B]\n   \t(No symbol) [0x00007FF635110DB5]\n   \t(No symbol) [0x00007FF635102D61]\n   \t(No symbol) [0x00007FF6351366EA]\n   \t(No symbol) [0x00007FF6351026A6]\n   \t(No symbol) [0x00007FF635136900]\n   \t(No symbol) [0x00007FF6351565D9]\n   \t(No symbol) [0x00007FF635136493]\n   \t(No symbol) [0x00007FF6351009B1]\n   \t(No symbol) [0x00007FF635101B11]\n   \tGetHandleVerifier [0x00007FF6355A8C5D+3295277]\n   \tGetHandleVerifier [0x00007FF6355F4843+3605523]\n   \tGetHandleVerifier [0x00007FF6355EA707+3564247]\n   \tGetHandleVerifier [0x00007FF635346EB6+797318]\n   \t(No symbol) [0x00007FF63520980F]\n   \t(No symbol) [0x00007FF6352053F4]\n   \t(No symbol) [0x00007FF635205580]\n   \t(No symbol) [0x00007FF6351F4A1F]\n   \tBaseThreadInitThunk [0x00007FFA6AE87374+20]\n   \tRtlUserThreadStart [0x00007FFA6B6FCC91+33]\n", "test_name": "test_about_us", "rerun": "0"}, "8": {"status": "FAIL", "message": "   selenium.common.exceptions.ElementClickInterceptedException: Message: element click intercepted: Element <a class=\"nav-link\" id=\"cartur\" href=\"cart.html\">...</a> is not clickable at point (1068, 37). Other element would receive the click: <div class=\"modal fade show\" id=\"signInModal\" tabindex=\"-1\" role=\"dialog\" aria-labelledby=\"signInModalLabel\" style=\"display: block;\">...</div>\n     (Session info: chrome=128.0.6613.115)\n   Stacktrace:\n   \tGetHandleVerifier [0x00007FF63528B5D2+29090]\n   \t(No symbol) [0x00007FF6351FE689]\n   \t(No symbol) [0x00007FF6350BB1CA]\n   \t(No symbol) [0x00007FF635116C0E]\n   \t(No symbol) [0x00007FF635114682]\n   \t(No symbol) [0x00007FF635111B9B]\n   \t(No symbol) [0x00007FF635110DB5]\n   \t(No symbol) [0x00007FF635102D61]\n   \t(No symbol) [0x00007FF6351366EA]\n   \t(No symbol) [0x00007FF6351026A6]\n   \t(No symbol) [0x00007FF635136900]\n   \t(No symbol) [0x00007FF6351565D9]\n   \t(No symbol) [0x00007FF635136493]\n   \t(No symbol) [0x00007FF6351009B1]\n   \t(No symbol) [0x00007FF635101B11]\n   \tGetHandleVerifier [0x00007FF6355A8C5D+3295277]\n   \tGetHandleVerifier [0x00007FF6355F4843+3605523]\n   \tGetHandleVerifier [0x00007FF6355EA707+3564247]\n   \tGetHandleVerifier [0x00007FF635346EB6+797318]\n   \t(No symbol) [0x00007FF63520980F]\n   \t(No symbol) [0x00007FF6352053F4]\n   \t(No symbol) [0x00007FF635205580]\n   \t(No symbol) [0x00007FF6351F4A1F]\n   \tBaseThreadInitThunk [0x00007FFA6AE87374+20]\n   \tRtlUserThreadStart [0x00007FFA6B6FCC91+33]\n", "test_name": "test_cart_page", "rerun": "0"}, "9": {"status": "FAIL", "message": "   selenium.common.exceptions.ElementClickInterceptedException: Message: element click intercepted: Element <a class=\"nav-link\" href=\"#\" id=\"login2\" data-toggle=\"modal\" data-target=\"#logInModal\" style=\"display: block;\">...</a> is not clickable at point (1121, 37). Other element would receive the click: <div class=\"modal fade show\" id=\"signInModal\" tabindex=\"-1\" role=\"dialog\" aria-labelledby=\"signInModalLabel\" style=\"display: block;\">...</div>\n     (Session info: chrome=128.0.6613.115)\n   Stacktrace:\n   \tGetHandleVerifier [0x00007FF63528B5D2+29090]\n   \t(No symbol) [0x00007FF6351FE689]\n   \t(No symbol) [0x00007FF6350BB1CA]\n   \t(No symbol) [0x00007FF635116C0E]\n   \t(No symbol) [0x00007FF635114682]\n   \t(No symbol) [0x00007FF635111B9B]\n   \t(No symbol) [0x00007FF635110DB5]\n   \t(No symbol) [0x00007FF635102D61]\n   \t(No symbol) [0x00007FF6351366EA]\n   \t(No symbol) [0x00007FF6351026A6]\n   \t(No symbol) [0x00007FF635136900]\n   \t(No symbol) [0x00007FF6351565D9]\n   \t(No symbol) [0x00007FF635136493]\n   \t(No symbol) [0x00007FF6351009B1]\n   \t(No symbol) [0x00007FF635101B11]\n   \tGetHandleVerifier [0x00007FF6355A8C5D+3295277]\n   \tGetHandleVerifier [0x00007FF6355F4843+3605523]\n   \tGetHandleVerifier [0x00007FF6355EA707+3564247]\n   \tGetHandleVerifier [0x00007FF635346EB6+797318]\n   \t(No symbol) [0x00007FF63520980F]\n   \t(No symbol) [0x00007FF6352053F4]\n   \t(No symbol) [0x00007FF635205580]\n   \t(No symbol) [0x00007FF6351F4A1F]\n   \tBaseThreadInitThunk [0x00007FFA6AE87374+20]\n   \tRtlUserThreadStart [0x00007FFA6B6FCC91+33]\n", "test_name": "test_logout", "rerun": "0"}}, "suite_name": "test_demoblaze.py"}}}, "date": "September 04, 2024", "start_time": 1725435491.9741797, "total_suite": 1, "status": "FAIL", "status_list": {"pass": "2", "fail": "8", "skip": "0", "error": "0", "xpass": "0", "xfail": "0", "rerun": "0"}, "total_tests": "10"}