{"content": {"suites": {"0": {"status": {"total_pass": 12, "total_skip": 0, "total_xpass": 0, "total_xfail": 0, "total_rerun": 0, "total_fail": 8, "total_error": 1}, "tests": {"0": {"status": "PASS", "message": "", "test_name": "test_valid_ticket_booking", "rerun": "0"}, "1": {"status": "PASS", "message": "", "test_name": "test_valid_first_name", "rerun": "0"}, "2": {"status": "PASS", "message": "", "test_name": "test_empty_first_name", "rerun": "0"}, "3": {"status": "FAIL", "message": "   selenium.common.exceptions.NoSuchWindowException: Message: no such window: target window already closed\n   from unknown error: web view not found\n     (Session info: chrome=128.0.6613.120)\n   Stacktrace:\n   \tGetHandleVerifier [0x00007FF71E10B5D2+29090]\n   \t(No symbol) [0x00007FF71E07E689]\n   \t(No symbol) [0x00007FF71DF3B1CA]\n   \t(No symbol) [0x00007FF71DF0FAF5]\n   \t(No symbol) [0x00007FF71DFBE2E7]\n   \t(No symbol) [0x00007FF71DFD5EE1]\n   \t(No symbol) [0x00007FF71DFB6493]\n   \t(No symbol) [0x00007FF71DF809B1]\n   \t(No symbol) [0x00007FF71DF81B11]\n   \tGetHandleVerifier [0x00007FF71E428C5D+3295277]\n   \tGetHandleVerifier [0x00007FF71E474843+3605523]\n   \tGetHandleVerifier [0x00007FF71E46A707+3564247]\n   \tGetHandleVerifier [0x00007FF71E1C6EB6+797318]\n   \t(No symbol) [0x00007FF71E08980F]\n   \t(No symbol) [0x00007FF71E0853F4]\n   \t(No symbol) [0x00007FF71E085580]\n   \t(No symbol) [0x00007FF71E074A1F]\n   \tBaseThreadInitThunk [0x00007FFA6AE87374+20]\n   \tRtlUserThreadStart [0x00007FFA6B6FCC91+33]\n", "test_name": "test_valid_last_name", "rerun": "0"}, "4": {"status": "PASS", "message": "", "test_name": "test_empty_last_name", "rerun": "0"}, "5": {"status": "ERROR", "message": "@pytest.fixture(scope='function')\n    def get_driver():\n        driver = webdriver.Chrome()\n        driver.maximize_window()\n>       driver.get(url)\n\ntest\\conftest.py:13: \n_ _ _ _ _ _ _ _ _ _ _ _ _ _ _ _ _ _ _ _ _ _ _ _ _ _ _ _ _ _ _ _ _ _ _ _ _ _ _ _ _ _ _ _ _ _ _ _ _ _ _ _ _ _ _ _ _ _ _ _ _ _ _ _ _ _ _ _ _ _ _ _ _ _ _ _ _ _ _ _ _ _ _ _ _ _ _ _ _ _\nC:\\python_3.12\\Lib\\site-packages\\selenium\\webdriver\\remote\\webdriver.py:356: in get\n    self.execute(Command.GET, {\"url\": url})\nC:\\python_3.12\\Lib\\site-packages\\selenium\\webdriver\\remote\\webdriver.py:347: in execute\n    self.error_handler.check_response(response)\n_ _ _ _ _ _ _ _ _ _ _ _ _ _ _ _ _ _ _ _ _ _ _ _ _ _ _ _ _ _ _ _ _ _ _ _ _ _ _ _ _ _ _ _ _ _ _ _ _ _ _ _ _ _ _ _ _ _ _ _ _ _ _ _ _ _ _ _ _ _ _ _ _ _ _ _ _ _ _ _ _ _ _ _ _ _ _ _ _ _\n\nself = <selenium.webdriver.remote.errorhandler.ErrorHandler object at 0x0000029FFA2E1160>\nresponse = {'status': 404, 'value': '{\"value\":{\"error\":\"target frame detached\",\"message\":\"target frame detached: received Inspect...07FF71E074A1F]\\\\n\\\\tBaseThreadInitThunk [0x00007FFA6AE87374+20]\\\\n\\\\tRtlUserThreadStart [0x00007FFA6B6FCC91+33]\\\\n\"}}'}\n\n    def check_response(self, response: Dict[str, Any]) -> None:\n        \"\"\"Checks that a JSON response from the WebDriver does not have an\n        error.\n    \n        :Args:\n         - response - The JSON response from the WebDriver server as a dictionary\n           object.\n    \n        :Raises: If the response contains an error message.\n        \"\"\"\n        status = response.get(\"status\", None)\n        if not status or status == ErrorCode.SUCCESS:\n            return\n        value = None\n        message = response.get(\"message\", \"\")\n        screen: str = response.get(\"screen\", \"\")\n        stacktrace = None\n        if isinstance(status, int):\n            value_json = response.get(\"value\", None)\n            if value_json and isinstance(value_json, str):\n                import json\n    \n                try:\n                    value = json.loads(value_json)\n                    if len(value) == 1:\n                        value = value[\"value\"]\n                    status = value.get(\"error\", None)\n                    if not status:\n                        status = value.get(\"status\", ErrorCode.UNKNOWN_ERROR)\n                        message = value.get(\"value\") or value.get(\"message\")\n                        if not isinstance(message, str):\n                            value = message\n                            message = message.get(\"message\")\n                    else:\n                        message = value.get(\"message\", None)\n                except ValueError:\n                    pass\n    \n        exception_class: Type[WebDriverException]\n        e = ErrorCode()\n        error_codes = [item for item in dir(e) if not item.startswith(\"__\")]\n        for error_code in error_codes:\n            error_info = getattr(ErrorCode, error_code)\n            if isinstance(error_info, list) and status in error_info:\n                exception_class = getattr(ExceptionMapping, error_code, WebDriverException)\n                break\n        else:\n            exception_class = WebDriverException\n    \n        if not value:\n            value = response[\"value\"]\n        if isinstance(value, str):\n            raise exception_class(value)\n        if message == \"\" and \"message\" in value:\n            message = value[\"message\"]\n    \n        screen = None  # type: ignore[assignment]\n        if \"screen\" in value:\n            screen = value[\"screen\"]\n    \n        stacktrace = None\n        st_value = value.get(\"stackTrace\") or value.get(\"stacktrace\")\n        if st_value:\n            if isinstance(st_value, str):\n                stacktrace = st_value.split(\"\\n\")\n            else:\n                stacktrace = []\n                try:\n                    for frame in st_value:\n                        line = frame.get(\"lineNumber\", \"\")\n                        file = frame.get(\"fileName\", \"<anonymous>\")\n                        if line:\n                            file = f\"{file}:{line}\"\n                        meth = frame.get(\"methodName\", \"<anonymous>\")\n                        if \"className\" in frame:\n                            meth = f\"{frame['className']}.{meth}\"\n                        msg = \"    at %s (%s)\"\n                        msg = msg % (meth, file)\n                        stacktrace.append(msg)\n                except TypeError:\n                    pass\n        if exception_class == UnexpectedAlertPresentException:\n            alert_text = None\n            if \"data\" in value:\n                alert_text = value[\"data\"].get(\"text\")\n            elif \"alert\" in value:\n                alert_text = value[\"alert\"].get(\"text\")\n            raise exception_class(message, screen, stacktrace, alert_text)  # type: ignore[call-arg]  # mypy is not smart enough here\n>       raise exception_class(message, screen, stacktrace)\nE       selenium.common.exceptions.WebDriverException: Message: target frame detached: received Inspector.detached event\nE         (failed to check if window was closed: disconnected: Unable to receive message from renderer)\nE         (Session info: chrome=128.0.6613.120)\nE       Stacktrace:\nE       \tGetHandleVerifier [0x00007FF71E10B5D2+29090]\nE       \t(No symbol) [0x00007FF71E07E689]\nE       \t(No symbol) [0x00007FF71DF3B1CA]\nE       \t(No symbol) [0x00007FF71DF256A7]\nE       \t(No symbol) [0x00007FF71DF24486]\nE       \t(No symbol) [0x00007FF71DF23CD1]\nE       \t(No symbol) [0x00007FF71DF23C10]\nE       \t(No symbol) [0x00007FF71DF22AFB]\nE       \t(No symbol) [0x00007FF71DF49166]\nE       \t(No symbol) [0x00007FF71DFD693E]\nE       \t(No symbol) [0x00007FF71DFB6493]\nE       \t(No symbol) [0x00007FF71DF809B1]\nE       \t(No symbol) [0x00007FF71DF81B11]\nE       \tGetHandleVerifier [0x00007FF71E428C5D+3295277]\nE       \tGetHandleVerifier [0x00007FF71E474843+3605523]\nE       \tGetHandleVerifier [0x00007FF71E46A707+3564247]\nE       \tGetHandleVerifier [0x00007FF71E1C6EB6+797318]\nE       \t(No symbol) [0x00007FF71E08980F]\nE       \t(No symbol) [0x00007FF71E0853F4]\nE       \t(No symbol) [0x00007FF71E085580]\nE       \t(No symbol) [0x00007FF71E074A1F]\nE       \tBaseThreadInitThunk [0x00007FFA6AE87374+20]\nE       \tRtlUserThreadStart [0x00007FFA6B6FCC91+33]\n\nC:\\python_3.12\\Lib\\site-packages\\selenium\\webdriver\\remote\\errorhandler.py:229: WebDriverException\n", "test_name": "test_valid_dob", "rerun": "0"}, "6": {"status": "FAIL", "message": "   selenium.common.exceptions.NoSuchWindowException: Message: no such window: target window already closed\n   from unknown error: web view not found\n     (Session info: chrome=128.0.6613.120)\n   Stacktrace:\n   \tGetHandleVerifier [0x00007FF71E10B5D2+29090]\n   \t(No symbol) [0x00007FF71E07E689]\n   \t(No symbol) [0x00007FF71DF3B1CA]\n   \t(No symbol) [0x00007FF71DF0FAF5]\n   \t(No symbol) [0x00007FF71DFBE2E7]\n   \t(No symbol) [0x00007FF71DFD5EE1]\n   \t(No symbol) [0x00007FF71DFB6493]\n   \t(No symbol) [0x00007FF71DF809B1]\n   \t(No symbol) [0x00007FF71DF81B11]\n   \tGetHandleVerifier [0x00007FF71E428C5D+3295277]\n   \tGetHandleVerifier [0x00007FF71E474843+3605523]\n   \tGetHandleVerifier [0x00007FF71E46A707+3564247]\n   \tGetHandleVerifier [0x00007FF71E1C6EB6+797318]\n   \t(No symbol) [0x00007FF71E08980F]\n   \t(No symbol) [0x00007FF71E0853F4]\n   \t(No symbol) [0x00007FF71E085580]\n   \t(No symbol) [0x00007FF71E074A1F]\n   \tBaseThreadInitThunk [0x00007FFA6AE87374+20]\n   \tRtlUserThreadStart [0x00007FFA6B6FCC91+33]\n", "test_name": "test_invalid_dob", "rerun": "0"}, "7": {"status": "FAIL", "message": "   selenium.common.exceptions.NoSuchWindowException: Message: no such window: target window already closed\n   from unknown error: web view not found\n     (Session info: chrome=128.0.6613.120)\n   Stacktrace:\n   \tGetHandleVerifier [0x00007FF71E10B5D2+29090]\n   \t(No symbol) [0x00007FF71E07E689]\n   \t(No symbol) [0x00007FF71DF3B1CA]\n   \t(No symbol) [0x00007FF71DF0FAF5]\n   \t(No symbol) [0x00007FF71DFBE2E7]\n   \t(No symbol) [0x00007FF71DFD5EE1]\n   \t(No symbol) [0x00007FF71DFB6493]\n   \t(No symbol) [0x00007FF71DF809B1]\n   \t(No symbol) [0x00007FF71DF81B11]\n   \tGetHandleVerifier [0x00007FF71E428C5D+3295277]\n   \tGetHandleVerifier [0x00007FF71E474843+3605523]\n   \tGetHandleVerifier [0x00007FF71E46A707+3564247]\n   \tGetHandleVerifier [0x00007FF71E1C6EB6+797318]\n   \t(No symbol) [0x00007FF71E08980F]\n   \t(No symbol) [0x00007FF71E0853F4]\n   \t(No symbol) [0x00007FF71E085580]\n   \t(No symbol) [0x00007FF71E074A1F]\n   \tBaseThreadInitThunk [0x00007FFA6AE87374+20]\n   \tRtlUserThreadStart [0x00007FFA6B6FCC91+33]\n", "test_name": "test_valid_gender_selection", "rerun": "0"}, "8": {"status": "PASS", "message": "", "test_name": "test_valid_from_city", "rerun": "0"}, "9": {"status": "FAIL", "message": "   selenium.common.exceptions.NoSuchWindowException: Message: no such window: target window already closed\n   from unknown error: web view not found\n     (Session info: chrome=128.0.6613.120)\n   Stacktrace:\n   \tGetHandleVerifier [0x00007FF71E10B5D2+29090]\n   \t(No symbol) [0x00007FF71E07E689]\n   \t(No symbol) [0x00007FF71DF3B1CA]\n   \t(No symbol) [0x00007FF71DF0FAF5]\n   \t(No symbol) [0x00007FF71DFBE2E7]\n   \t(No symbol) [0x00007FF71DFD5EE1]\n   \t(No symbol) [0x00007FF71DFB6493]\n   \t(No symbol) [0x00007FF71DF809B1]\n   \t(No symbol) [0x00007FF71DF81B11]\n   \tGetHandleVerifier [0x00007FF71E428C5D+3295277]\n   \tGetHandleVerifier [0x00007FF71E474843+3605523]\n   \tGetHandleVerifier [0x00007FF71E46A707+3564247]\n   \tGetHandleVerifier [0x00007FF71E1C6EB6+797318]\n   \t(No symbol) [0x00007FF71E08980F]\n   \t(No symbol) [0x00007FF71E0853F4]\n   \t(No symbol) [0x00007FF71E085580]\n   \t(No symbol) [0x00007FF71E074A1F]\n   \tBaseThreadInitThunk [0x00007FFA6AE87374+20]\n   \tRtlUserThreadStart [0x00007FFA6B6FCC91+33]\n", "test_name": "test_valid_destination_city", "rerun": "0"}, "10": {"status": "FAIL", "message": "   selenium.common.exceptions.NoSuchWindowException: Message: no such window: target window already closed\n   from unknown error: web view not found\n     (Session info: chrome=128.0.6613.120)\n   Stacktrace:\n   \tGetHandleVerifier [0x00007FF71E10B5D2+29090]\n   \t(No symbol) [0x00007FF71E07E689]\n   \t(No symbol) [0x00007FF71DF3B1CA]\n   \t(No symbol) [0x00007FF71DF0FAF5]\n   \t(No symbol) [0x00007FF71DFBE2E7]\n   \t(No symbol) [0x00007FF71DFD5EE1]\n   \t(No symbol) [0x00007FF71DFB6493]\n   \t(No symbol) [0x00007FF71DF809B1]\n   \t(No symbol) [0x00007FF71DF81B11]\n   \tGetHandleVerifier [0x00007FF71E428C5D+3295277]\n   \tGetHandleVerifier [0x00007FF71E474843+3605523]\n   \tGetHandleVerifier [0x00007FF71E46A707+3564247]\n   \tGetHandleVerifier [0x00007FF71E1C6EB6+797318]\n   \t(No symbol) [0x00007FF71E08980F]\n   \t(No symbol) [0x00007FF71E0853F4]\n   \t(No symbol) [0x00007FF71E085580]\n   \t(No symbol) [0x00007FF71E074A1F]\n   \tBaseThreadInitThunk [0x00007FFA6AE87374+20]\n   \tRtlUserThreadStart [0x00007FFA6B6FCC91+33]\n", "test_name": "test_valid_departure_date", "rerun": "0"}, "11": {"status": "FAIL", "message": "   selenium.common.exceptions.NoSuchWindowException: Message: no such window: target window already closed\n   from unknown error: web view not found\n     (Session info: chrome=128.0.6613.120)\n   Stacktrace:\n   \tGetHandleVerifier [0x00007FF71E10B5D2+29090]\n   \t(No symbol) [0x00007FF71E07E689]\n   \t(No symbol) [0x00007FF71DF3B1CA]\n   \t(No symbol) [0x00007FF71DF0FAF5]\n   \t(No symbol) [0x00007FF71DFBE2E7]\n   \t(No symbol) [0x00007FF71DFD5EE1]\n   \t(No symbol) [0x00007FF71DFB6493]\n   \t(No symbol) [0x00007FF71DF809B1]\n   \t(No symbol) [0x00007FF71DF81B11]\n   \tGetHandleVerifier [0x00007FF71E428C5D+3295277]\n   \tGetHandleVerifier [0x00007FF71E474843+3605523]\n   \tGetHandleVerifier [0x00007FF71E46A707+3564247]\n   \tGetHandleVerifier [0x00007FF71E1C6EB6+797318]\n   \t(No symbol) [0x00007FF71E08980F]\n   \t(No symbol) [0x00007FF71E0853F4]\n   \t(No symbol) [0x00007FF71E085580]\n   \t(No symbol) [0x00007FF71E074A1F]\n   \tBaseThreadInitThunk [0x00007FFA6AE87374+20]\n   \tRtlUserThreadStart [0x00007FFA6B6FCC91+33]\n", "test_name": "test_valid_return_date", "rerun": "0"}, "12": {"status": "PASS", "message": "", "test_name": "test_valid_interview_date", "rerun": "0"}, "13": {"status": "FAIL", "message": "   selenium.common.exceptions.NoSuchWindowException: Message: no such window: target window already closed\n   from unknown error: web view not found\n     (Session info: chrome=128.0.6613.120)\n   Stacktrace:\n   \tGetHandleVerifier [0x00007FF71E10B5D2+29090]\n   \t(No symbol) [0x00007FF71E07E689]\n   \t(No symbol) [0x00007FF71DF3B1CA]\n   \t(No symbol) [0x00007FF71DF0FAF5]\n   \t(No symbol) [0x00007FF71DFBE2E7]\n   \t(No symbol) [0x00007FF71DFD5EE1]\n   \t(No symbol) [0x00007FF71DFB6493]\n   \t(No symbol) [0x00007FF71DF809B1]\n   \t(No symbol) [0x00007FF71DF81B11]\n   \tGetHandleVerifier [0x00007FF71E428C5D+3295277]\n   \tGetHandleVerifier [0x00007FF71E474843+3605523]\n   \tGetHandleVerifier [0x00007FF71E46A707+3564247]\n   \tGetHandleVerifier [0x00007FF71E1C6EB6+797318]\n   \t(No symbol) [0x00007FF71E08980F]\n   \t(No symbol) [0x00007FF71E0853F4]\n   \t(No symbol) [0x00007FF71E085580]\n   \t(No symbol) [0x00007FF71E074A1F]\n   \tBaseThreadInitThunk [0x00007FFA6AE87374+20]\n   \tRtlUserThreadStart [0x00007FFA6B6FCC91+33]\n", "test_name": "test_valid_billing_name", "rerun": "0"}, "14": {"status": "FAIL", "message": "   selenium.common.exceptions.NoSuchWindowException: Message: no such window: target window already closed\n   from unknown error: web view not found\n     (Session info: chrome=128.0.6613.120)\n   Stacktrace:\n   \tGetHandleVerifier [0x00007FF71E10B5D2+29090]\n   \t(No symbol) [0x00007FF71E07E689]\n   \t(No symbol) [0x00007FF71DF3B1CA]\n   \t(No symbol) [0x00007FF71DF0FAF5]\n   \t(No symbol) [0x00007FF71DFBE2E7]\n   \t(No symbol) [0x00007FF71DFD5EE1]\n   \t(No symbol) [0x00007FF71DFB6493]\n   \t(No symbol) [0x00007FF71DF809B1]\n   \t(No symbol) [0x00007FF71DF81B11]\n   \tGetHandleVerifier [0x00007FF71E428C5D+3295277]\n   \tGetHandleVerifier [0x00007FF71E474843+3605523]\n   \tGetHandleVerifier [0x00007FF71E46A707+3564247]\n   \tGetHandleVerifier [0x00007FF71E1C6EB6+797318]\n   \t(No symbol) [0x00007FF71E08980F]\n   \t(No symbol) [0x00007FF71E0853F4]\n   \t(No symbol) [0x00007FF71E085580]\n   \t(No symbol) [0x00007FF71E074A1F]\n   \tBaseThreadInitThunk [0x00007FFA6AE87374+20]\n   \tRtlUserThreadStart [0x00007FFA6B6FCC91+33]\n", "test_name": "test_valid_billing_phone", "rerun": "0"}, "15": {"status": "PASS", "message": "", "test_name": "test_valid_billing_email", "rerun": "0"}, "16": {"status": "PASS", "message": "", "test_name": "test_valid_billing_street_address", "rerun": "0"}, "17": {"status": "PASS", "message": "", "test_name": "test_valid_billing_country", "rerun": "0"}, "18": {"status": "PASS", "message": "", "test_name": "test_valid_billing_postcode", "rerun": "0"}, "19": {"status": "PASS", "message": "", "test_name": "test_valid_billing_street_address1", "rerun": "0"}, "20": {"status": "PASS", "message": "", "test_name": "test_select_most_visited_cities", "rerun": "0"}}, "suite_name": "test/test_feature.py"}}}, "date": "September 08, 2024", "start_time": 1725813573.3991635, "total_suite": 1, "status": "FAIL", "status_list": {"pass": "12", "fail": "8", "skip": "0", "error": "1", "xpass": "0", "xfail": "0", "rerun": "0"}, "total_tests": "21"}